This is pdfTeX, Version 3.14159265-2.6-1.40.20 (TeX Live 2019/Debian) (preloaded format=pdflatex 2023.5.30)  25 AUG 2023 18:06
entering extended mode
 restricted \write18 enabled.
 %&-line parsing enabled.
**m2dt_psf.tex
(./m2dt_psf.tex
LaTeX2e <2020-02-02> patch level 2
L3 programming layer <2020-02-14>
(/usr/share/texlive/texmf-dist/tex/latex/beamer/beamer.cls
Document Class: beamer 2019/09/29 v3.57 A class for typesetting presentations
(/usr/share/texlive/texmf-dist/tex/latex/beamer/beamerbasemodes.sty
(/usr/share/texlive/texmf-dist/tex/latex/etoolbox/etoolbox.sty
Package: etoolbox 2019/09/21 v2.5h e-TeX tools for LaTeX (JAW)
\etb@tempcnta=\count167
)
\beamer@tempbox=\box45
\beamer@tempcount=\count168
\c@beamerpauses=\count169

(/usr/share/texlive/texmf-dist/tex/latex/beamer/beamerbasedecode.sty
\beamer@slideinframe=\count170
\beamer@minimum=\count171
\beamer@decode@box=\box46
)
\beamer@commentbox=\box47
\beamer@modecount=\count172
)
(/usr/share/texlive/texmf-dist/tex/generic/iftex/ifpdf.sty
Package: ifpdf 2019/10/25 v3.4 ifpdf legacy package. Use iftex instead.

(/usr/share/texlive/texmf-dist/tex/generic/iftex/iftex.sty
Package: iftex 2019/11/07 v1.0c TeX engine tests
))
\headdp=\dimen134
\footheight=\dimen135
\sidebarheight=\dimen136
\beamer@tempdim=\dimen137
\beamer@finalheight=\dimen138
\beamer@animht=\dimen139
\beamer@animdp=\dimen140
\beamer@animwd=\dimen141
\beamer@leftmargin=\dimen142
\beamer@rightmargin=\dimen143
\beamer@leftsidebar=\dimen144
\beamer@rightsidebar=\dimen145
\beamer@boxsize=\dimen146
\beamer@vboxoffset=\dimen147
\beamer@descdefault=\dimen148
\beamer@descriptionwidth=\dimen149
\beamer@lastskip=\skip47
\beamer@areabox=\box48
\beamer@animcurrent=\box49
\beamer@animshowbox=\box50
\beamer@sectionbox=\box51
\beamer@logobox=\box52
\beamer@linebox=\box53
\beamer@sectioncount=\count173
\beamer@subsubsectionmax=\count174
\beamer@subsectionmax=\count175
\beamer@sectionmax=\count176
\beamer@totalheads=\count177
\beamer@headcounter=\count178
\beamer@partstartpage=\count179
\beamer@sectionstartpage=\count180
\beamer@subsectionstartpage=\count181
\beamer@animationtempa=\count182
\beamer@animationtempb=\count183
\beamer@xpos=\count184
\beamer@ypos=\count185
\beamer@ypos@offset=\count186
\beamer@showpartnumber=\count187
\beamer@currentsubsection=\count188
\beamer@coveringdepth=\count189
\beamer@sectionadjust=\count190
\beamer@tocsectionnumber=\count191

(/usr/share/texlive/texmf-dist/tex/latex/beamer/beamerbaseoptions.sty
(/usr/share/texlive/texmf-dist/tex/latex/graphics/keyval.sty
Package: keyval 2014/10/28 v1.15 key=value parser (DPC)
\KV@toks@=\toks14
))
\beamer@paperwidth=\skip48
\beamer@paperheight=\skip49

(/usr/share/texlive/texmf-dist/tex/latex/geometry/geometry.sty
Package: geometry 2020/01/02 v5.9 Page Geometry

(/usr/share/texlive/texmf-dist/tex/generic/iftex/ifvtex.sty
Package: ifvtex 2019/10/25 v1.7 ifvtex legacy package. Use iftex instead.
)
\Gm@cnth=\count192
\Gm@cntv=\count193
\c@Gm@tempcnt=\count194
\Gm@bindingoffset=\dimen150
\Gm@wd@mp=\dimen151
\Gm@odd@mp=\dimen152
\Gm@even@mp=\dimen153
\Gm@layoutwidth=\dimen154
\Gm@layoutheight=\dimen155
\Gm@layouthoffset=\dimen156
\Gm@layoutvoffset=\dimen157
\Gm@dimlist=\toks15
)
(/usr/share/texlive/texmf-dist/tex/latex/base/size10.clo
File: size10.clo 2019/12/20 v1.4l Standard LaTeX file (size option)
)
(/usr/share/texlive/texmf-dist/tex/latex/pgf/basiclayer/pgfcore.sty
(/usr/share/texlive/texmf-dist/tex/latex/graphics/graphicx.sty
Package: graphicx 2019/11/30 v1.2a Enhanced LaTeX Graphics (DPC,SPQR)

(/usr/share/texlive/texmf-dist/tex/latex/graphics/graphics.sty
Package: graphics 2019/11/30 v1.4a Standard LaTeX Graphics (DPC,SPQR)

(/usr/share/texlive/texmf-dist/tex/latex/graphics/trig.sty
Package: trig 2016/01/03 v1.10 sin cos tan (DPC)
)
(/usr/share/texlive/texmf-dist/tex/latex/graphics-cfg/graphics.cfg
File: graphics.cfg 2016/06/04 v1.11 sample graphics configuration
)
Package graphics Info: Driver file: pdftex.def on input line 105.

(/usr/share/texlive/texmf-dist/tex/latex/graphics-def/pdftex.def
File: pdftex.def 2018/01/08 v1.0l Graphics/color driver for pdftex
))
\Gin@req@height=\dimen158
\Gin@req@width=\dimen159
)
(/usr/share/texlive/texmf-dist/tex/latex/pgf/systemlayer/pgfsys.sty
(/usr/share/texlive/texmf-dist/tex/latex/pgf/utilities/pgfrcs.sty
(/usr/share/texlive/texmf-dist/tex/generic/pgf/utilities/pgfutil-common.tex
\pgfutil@everybye=\toks16
\pgfutil@tempdima=\dimen160
\pgfutil@tempdimb=\dimen161

(/usr/share/texlive/texmf-dist/tex/generic/pgf/utilities/pgfutil-common-lists.t
ex)) (/usr/share/texlive/texmf-dist/tex/generic/pgf/utilities/pgfutil-latex.def
\pgfutil@abb=\box54
(/usr/share/texlive/texmf-dist/tex/latex/ms/everyshi.sty
Package: everyshi 2001/05/15 v3.00 EveryShipout Package (MS)
))
(/usr/share/texlive/texmf-dist/tex/generic/pgf/utilities/pgfrcs.code.tex
(/usr/share/texlive/texmf-dist/tex/generic/pgf/pgf.revision.tex)
Package: pgfrcs 2020/01/08 v3.1.5b (3.1.5b)
))
(/usr/share/texlive/texmf-dist/tex/generic/pgf/systemlayer/pgfsys.code.tex
Package: pgfsys 2020/01/08 v3.1.5b (3.1.5b)

(/usr/share/texlive/texmf-dist/tex/generic/pgf/utilities/pgfkeys.code.tex
\pgfkeys@pathtoks=\toks17
\pgfkeys@temptoks=\toks18

(/usr/share/texlive/texmf-dist/tex/generic/pgf/utilities/pgfkeysfiltered.code.t
ex
\pgfkeys@tmptoks=\toks19
))
\pgf@x=\dimen162
\pgf@y=\dimen163
\pgf@xa=\dimen164
\pgf@ya=\dimen165
\pgf@xb=\dimen166
\pgf@yb=\dimen167
\pgf@xc=\dimen168
\pgf@yc=\dimen169
\pgf@xd=\dimen170
\pgf@yd=\dimen171
\w@pgf@writea=\write3
\r@pgf@reada=\read2
\c@pgf@counta=\count195
\c@pgf@countb=\count196
\c@pgf@countc=\count197
\c@pgf@countd=\count198
\t@pgf@toka=\toks20
\t@pgf@tokb=\toks21
\t@pgf@tokc=\toks22
\pgf@sys@id@count=\count199
 (/usr/share/texlive/texmf-dist/tex/generic/pgf/systemlayer/pgf.cfg
File: pgf.cfg 2020/01/08 v3.1.5b (3.1.5b)
)
Driver file for pgf: pgfsys-pdftex.def

(/usr/share/texlive/texmf-dist/tex/generic/pgf/systemlayer/pgfsys-pdftex.def
File: pgfsys-pdftex.def 2020/01/08 v3.1.5b (3.1.5b)

(/usr/share/texlive/texmf-dist/tex/generic/pgf/systemlayer/pgfsys-common-pdf.de
f
File: pgfsys-common-pdf.def 2020/01/08 v3.1.5b (3.1.5b)
)))
(/usr/share/texlive/texmf-dist/tex/generic/pgf/systemlayer/pgfsyssoftpath.code.
tex
File: pgfsyssoftpath.code.tex 2020/01/08 v3.1.5b (3.1.5b)
\pgfsyssoftpath@smallbuffer@items=\count266
\pgfsyssoftpath@bigbuffer@items=\count267
)
(/usr/share/texlive/texmf-dist/tex/generic/pgf/systemlayer/pgfsysprotocol.code.
tex
File: pgfsysprotocol.code.tex 2020/01/08 v3.1.5b (3.1.5b)
)) (/usr/share/texlive/texmf-dist/tex/latex/xcolor/xcolor.sty
Package: xcolor 2016/05/11 v2.12 LaTeX color extensions (UK)

(/usr/share/texlive/texmf-dist/tex/latex/graphics-cfg/color.cfg
File: color.cfg 2016/01/02 v1.6 sample color configuration
)
Package xcolor Info: Driver file: pdftex.def on input line 225.
Package xcolor Info: Model `cmy' substituted by `cmy0' on input line 1348.
Package xcolor Info: Model `hsb' substituted by `rgb' on input line 1352.
Package xcolor Info: Model `RGB' extended on input line 1364.
Package xcolor Info: Model `HTML' substituted by `rgb' on input line 1366.
Package xcolor Info: Model `Hsb' substituted by `hsb' on input line 1367.
Package xcolor Info: Model `tHsb' substituted by `hsb' on input line 1368.
Package xcolor Info: Model `HSB' substituted by `hsb' on input line 1369.
Package xcolor Info: Model `Gray' substituted by `gray' on input line 1370.
Package xcolor Info: Model `wave' substituted by `hsb' on input line 1371.

(/usr/share/texlive/texmf-dist/tex/latex/graphics/dvipsnam.def
File: dvipsnam.def 2016/06/17 v3.0m Driver-dependent file (DPC,SPQR)
))
(/usr/share/texlive/texmf-dist/tex/generic/pgf/basiclayer/pgfcore.code.tex
Package: pgfcore 2020/01/08 v3.1.5b (3.1.5b)

(/usr/share/texlive/texmf-dist/tex/generic/pgf/math/pgfmath.code.tex
(/usr/share/texlive/texmf-dist/tex/generic/pgf/math/pgfmathcalc.code.tex
(/usr/share/texlive/texmf-dist/tex/generic/pgf/math/pgfmathutil.code.tex)
(/usr/share/texlive/texmf-dist/tex/generic/pgf/math/pgfmathparser.code.tex
\pgfmath@dimen=\dimen172
\pgfmath@count=\count268
\pgfmath@box=\box55
\pgfmath@toks=\toks23
\pgfmath@stack@operand=\toks24
\pgfmath@stack@operation=\toks25
)
(/usr/share/texlive/texmf-dist/tex/generic/pgf/math/pgfmathfunctions.code.tex
(/usr/share/texlive/texmf-dist/tex/generic/pgf/math/pgfmathfunctions.basic.code
.tex)
(/usr/share/texlive/texmf-dist/tex/generic/pgf/math/pgfmathfunctions.trigonomet
ric.code.tex)
(/usr/share/texlive/texmf-dist/tex/generic/pgf/math/pgfmathfunctions.random.cod
e.tex)
(/usr/share/texlive/texmf-dist/tex/generic/pgf/math/pgfmathfunctions.comparison
.code.tex)
(/usr/share/texlive/texmf-dist/tex/generic/pgf/math/pgfmathfunctions.base.code.
tex)
(/usr/share/texlive/texmf-dist/tex/generic/pgf/math/pgfmathfunctions.round.code
.tex)
(/usr/share/texlive/texmf-dist/tex/generic/pgf/math/pgfmathfunctions.misc.code.
tex)
(/usr/share/texlive/texmf-dist/tex/generic/pgf/math/pgfmathfunctions.integerari
thmetics.code.tex)))
(/usr/share/texlive/texmf-dist/tex/generic/pgf/math/pgfmathfloat.code.tex
\c@pgfmathroundto@lastzeros=\count269
))
(/usr/share/texlive/texmf-dist/tex/generic/pgf/math/pgfint.code.tex)
(/usr/share/texlive/texmf-dist/tex/generic/pgf/basiclayer/pgfcorepoints.code.te
x
File: pgfcorepoints.code.tex 2020/01/08 v3.1.5b (3.1.5b)
\pgf@picminx=\dimen173
\pgf@picmaxx=\dimen174
\pgf@picminy=\dimen175
\pgf@picmaxy=\dimen176
\pgf@pathminx=\dimen177
\pgf@pathmaxx=\dimen178
\pgf@pathminy=\dimen179
\pgf@pathmaxy=\dimen180
\pgf@xx=\dimen181
\pgf@xy=\dimen182
\pgf@yx=\dimen183
\pgf@yy=\dimen184
\pgf@zx=\dimen185
\pgf@zy=\dimen186
)
(/usr/share/texlive/texmf-dist/tex/generic/pgf/basiclayer/pgfcorepathconstruct.
code.tex
File: pgfcorepathconstruct.code.tex 2020/01/08 v3.1.5b (3.1.5b)
\pgf@path@lastx=\dimen187
\pgf@path@lasty=\dimen188
)
(/usr/share/texlive/texmf-dist/tex/generic/pgf/basiclayer/pgfcorepathusage.code
.tex
File: pgfcorepathusage.code.tex 2020/01/08 v3.1.5b (3.1.5b)
\pgf@shorten@end@additional=\dimen189
\pgf@shorten@start@additional=\dimen190
)
(/usr/share/texlive/texmf-dist/tex/generic/pgf/basiclayer/pgfcorescopes.code.te
x
File: pgfcorescopes.code.tex 2020/01/08 v3.1.5b (3.1.5b)
\pgfpic=\box56
\pgf@hbox=\box57
\pgf@layerbox@main=\box58
\pgf@picture@serial@count=\count270
)
(/usr/share/texlive/texmf-dist/tex/generic/pgf/basiclayer/pgfcoregraphicstate.c
ode.tex
File: pgfcoregraphicstate.code.tex 2020/01/08 v3.1.5b (3.1.5b)
\pgflinewidth=\dimen191
)
(/usr/share/texlive/texmf-dist/tex/generic/pgf/basiclayer/pgfcoretransformation
s.code.tex
File: pgfcoretransformations.code.tex 2020/01/08 v3.1.5b (3.1.5b)
\pgf@pt@x=\dimen192
\pgf@pt@y=\dimen193
\pgf@pt@temp=\dimen194
)
(/usr/share/texlive/texmf-dist/tex/generic/pgf/basiclayer/pgfcorequick.code.tex
File: pgfcorequick.code.tex 2020/01/08 v3.1.5b (3.1.5b)
)
(/usr/share/texlive/texmf-dist/tex/generic/pgf/basiclayer/pgfcoreobjects.code.t
ex
File: pgfcoreobjects.code.tex 2020/01/08 v3.1.5b (3.1.5b)
)
(/usr/share/texlive/texmf-dist/tex/generic/pgf/basiclayer/pgfcorepathprocessing
.code.tex
File: pgfcorepathprocessing.code.tex 2020/01/08 v3.1.5b (3.1.5b)
)
(/usr/share/texlive/texmf-dist/tex/generic/pgf/basiclayer/pgfcorearrows.code.te
x
File: pgfcorearrows.code.tex 2020/01/08 v3.1.5b (3.1.5b)
\pgfarrowsep=\dimen195
)
(/usr/share/texlive/texmf-dist/tex/generic/pgf/basiclayer/pgfcoreshade.code.tex
File: pgfcoreshade.code.tex 2020/01/08 v3.1.5b (3.1.5b)
\pgf@max=\dimen196
\pgf@sys@shading@range@num=\count271
\pgf@shadingcount=\count272
)
(/usr/share/texlive/texmf-dist/tex/generic/pgf/basiclayer/pgfcoreimage.code.tex
File: pgfcoreimage.code.tex 2020/01/08 v3.1.5b (3.1.5b)

(/usr/share/texlive/texmf-dist/tex/generic/pgf/basiclayer/pgfcoreexternal.code.
tex
File: pgfcoreexternal.code.tex 2020/01/08 v3.1.5b (3.1.5b)
\pgfexternal@startupbox=\box59
))
(/usr/share/texlive/texmf-dist/tex/generic/pgf/basiclayer/pgfcorelayers.code.te
x
File: pgfcorelayers.code.tex 2020/01/08 v3.1.5b (3.1.5b)
)
(/usr/share/texlive/texmf-dist/tex/generic/pgf/basiclayer/pgfcoretransparency.c
ode.tex
File: pgfcoretransparency.code.tex 2020/01/08 v3.1.5b (3.1.5b)
)
(/usr/share/texlive/texmf-dist/tex/generic/pgf/basiclayer/pgfcorepatterns.code.
tex
File: pgfcorepatterns.code.tex 2020/01/08 v3.1.5b (3.1.5b)
)
(/usr/share/texlive/texmf-dist/tex/generic/pgf/basiclayer/pgfcorerdf.code.tex
File: pgfcorerdf.code.tex 2020/01/08 v3.1.5b (3.1.5b)
))) (/usr/share/texlive/texmf-dist/tex/latex/pgf/utilities/xxcolor.sty
Package: xxcolor 2003/10/24 ver 0.1
\XC@nummixins=\count273
\XC@countmixins=\count274
)
(/usr/share/texlive/texmf-dist/tex/generic/atbegshi/atbegshi.sty
Package: atbegshi 2019/12/05 v1.19 At begin shipout hook (HO)

(/usr/share/texlive/texmf-dist/tex/generic/infwarerr/infwarerr.sty
Package: infwarerr 2019/12/03 v1.5 Providing info/warning/error messages (HO)
)
(/usr/share/texlive/texmf-dist/tex/generic/ltxcmds/ltxcmds.sty
Package: ltxcmds 2019/12/15 v1.24 LaTeX kernel commands for general use (HO)
))
(/usr/share/texlive/texmf-dist/tex/latex/hyperref/hyperref.sty
Package: hyperref 2020/01/14 v7.00d Hypertext links for LaTeX

(/usr/share/texlive/texmf-dist/tex/latex/pdftexcmds/pdftexcmds.sty
Package: pdftexcmds 2019/11/24 v0.31 Utility functions of pdfTeX for LuaTeX (HO
)
Package pdftexcmds Info: \pdf@primitive is available.
Package pdftexcmds Info: \pdf@ifprimitive is available.
Package pdftexcmds Info: \pdfdraftmode found.
)
(/usr/share/texlive/texmf-dist/tex/generic/kvsetkeys/kvsetkeys.sty
Package: kvsetkeys 2019/12/15 v1.18 Key value parser (HO)
)
(/usr/share/texlive/texmf-dist/tex/generic/kvdefinekeys/kvdefinekeys.sty
Package: kvdefinekeys 2019-12-19 v1.6 Define keys (HO)
)
(/usr/share/texlive/texmf-dist/tex/generic/pdfescape/pdfescape.sty
Package: pdfescape 2019/12/09 v1.15 Implements pdfTeX's escape features (HO)
)
(/usr/share/texlive/texmf-dist/tex/latex/hycolor/hycolor.sty
Package: hycolor 2020-01-27 v1.10 Color options for hyperref/bookmark (HO)
)
(/usr/share/texlive/texmf-dist/tex/latex/letltxmacro/letltxmacro.sty
Package: letltxmacro 2019/12/03 v1.6 Let assignment for LaTeX macros (HO)
)
(/usr/share/texlive/texmf-dist/tex/latex/auxhook/auxhook.sty
Package: auxhook 2019-12-17 v1.6 Hooks for auxiliary files (HO)
)
(/usr/share/texlive/texmf-dist/tex/latex/kvoptions/kvoptions.sty
Package: kvoptions 2019/11/29 v3.13 Key value format for package options (HO)
)
\@linkdim=\dimen197
\Hy@linkcounter=\count275
\Hy@pagecounter=\count276

(/usr/share/texlive/texmf-dist/tex/latex/hyperref/pd1enc.def
File: pd1enc.def 2020/01/14 v7.00d Hyperref: PDFDocEncoding definition (HO)
Now handling font encoding PD1 ...
... no UTF-8 mapping file for font encoding PD1
)
(/usr/share/texlive/texmf-dist/tex/generic/intcalc/intcalc.sty
Package: intcalc 2019/12/15 v1.3 Expandable calculations with integers (HO)
)
(/usr/share/texlive/texmf-dist/tex/generic/etexcmds/etexcmds.sty
Package: etexcmds 2019/12/15 v1.7 Avoid name clashes with e-TeX commands (HO)
)
\Hy@SavedSpaceFactor=\count277
\pdfmajorversion=\count278
Package hyperref Info: Option `final' set `true' on input line 4421.
Package hyperref Info: Option `bookmarks' set `true' on input line 4421.
Package hyperref Info: Option `bookmarksopen' set `true' on input line 4421.
Package hyperref Info: Option `implicit' set `false' on input line 4421.
Package hyperref Info: Hyper figures OFF on input line 4547.
Package hyperref Info: Link nesting OFF on input line 4552.
Package hyperref Info: Hyper index ON on input line 4555.
Package hyperref Info: Plain pages OFF on input line 4562.
Package hyperref Info: Backreferencing OFF on input line 4567.
Package hyperref Info: Implicit mode OFF; no redefinition of LaTeX internals.
Package hyperref Info: Bookmarks ON on input line 4800.
\c@Hy@tempcnt=\count279

(/usr/share/texlive/texmf-dist/tex/latex/url/url.sty
\Urlmuskip=\muskip16
Package: url 2013/09/16  ver 3.4  Verb mode for urls, etc.
)
LaTeX Info: Redefining \url on input line 5159.
\XeTeXLinkMargin=\dimen198

(/usr/share/texlive/texmf-dist/tex/generic/bitset/bitset.sty
Package: bitset 2019/12/09 v1.3 Handle bit-vector datatype (HO)

(/usr/share/texlive/texmf-dist/tex/generic/bigintcalc/bigintcalc.sty
Package: bigintcalc 2019/12/15 v1.5 Expandable calculations on big integers (HO
)
))
\Fld@menulength=\count280
\Field@Width=\dimen199
\Fld@charsize=\dimen256
Package hyperref Info: Hyper figures OFF on input line 6430.
Package hyperref Info: Link nesting OFF on input line 6435.
Package hyperref Info: Hyper index ON on input line 6438.
Package hyperref Info: backreferencing OFF on input line 6445.
Package hyperref Info: Link coloring OFF on input line 6450.
Package hyperref Info: Link coloring with OCG OFF on input line 6455.
Package hyperref Info: PDF/A mode OFF on input line 6460.
LaTeX Info: Redefining \ref on input line 6500.
LaTeX Info: Redefining \pageref on input line 6504.
\Hy@abspage=\count281


Package hyperref Message: Stopped early.

)
Package hyperref Info: Driver (autodetected): hpdftex.
 (/usr/share/texlive/texmf-dist/tex/latex/hyperref/hpdftex.def
File: hpdftex.def 2020/01/14 v7.00d Hyperref driver for pdfTeX

(/usr/share/texlive/texmf-dist/tex/latex/atveryend/atveryend.sty
Package: atveryend 2019-12-11 v1.11 Hooks at the very end of document (HO)
)
\Fld@listcount=\count282
\c@bookmark@seq@number=\count283

(/usr/share/texlive/texmf-dist/tex/latex/rerunfilecheck/rerunfilecheck.sty
Package: rerunfilecheck 2019/12/05 v1.9 Rerun checks for auxiliary files (HO)

(/usr/share/texlive/texmf-dist/tex/generic/uniquecounter/uniquecounter.sty
Package: uniquecounter 2019/12/15 v1.4 Provide unlimited unique counter (HO)
)
Package uniquecounter Info: New unique counter `rerunfilecheck' on input line 2
86.
))
(/usr/share/texlive/texmf-dist/tex/latex/beamer/beamerbaserequires.sty
(/usr/share/texlive/texmf-dist/tex/latex/beamer/beamerbasecompatibility.sty)
(/usr/share/texlive/texmf-dist/tex/latex/beamer/beamerbasefont.sty
(/usr/share/texlive/texmf-dist/tex/latex/amsfonts/amssymb.sty
Package: amssymb 2013/01/14 v3.01 AMS font symbols

(/usr/share/texlive/texmf-dist/tex/latex/amsfonts/amsfonts.sty
Package: amsfonts 2013/01/14 v3.01 Basic AMSFonts support
\@emptytoks=\toks26
\symAMSa=\mathgroup4
\symAMSb=\mathgroup5
LaTeX Font Info:    Redeclaring math symbol \hbar on input line 98.
LaTeX Font Info:    Overwriting math alphabet `\mathfrak' in version `bold'
(Font)                  U/euf/m/n --> U/euf/b/n on input line 106.
))
(/usr/share/texlive/texmf-dist/tex/latex/sansmathaccent/sansmathaccent.sty
Package: sansmathaccent 2020/01/31

(/usr/share/texlive/texmf-dist/tex/latex/koma-script/scrlfile.sty
Package: scrlfile 2020/01/24 v3.29 KOMA-Script package (loading files)
)))
(/usr/share/texlive/texmf-dist/tex/latex/beamer/beamerbasetranslator.sty
(/usr/share/texlive/texmf-dist/tex/latex/translator/translator.sty
Package: translator 2019-05-31 v1.12a Easy translation of strings in LaTeX
))
(/usr/share/texlive/texmf-dist/tex/latex/beamer/beamerbasemisc.sty)
(/usr/share/texlive/texmf-dist/tex/latex/beamer/beamerbasetwoscreens.sty)
(/usr/share/texlive/texmf-dist/tex/latex/beamer/beamerbaseoverlay.sty
\beamer@argscount=\count284
\beamer@lastskipcover=\skip50
\beamer@trivlistdepth=\count285
)
(/usr/share/texlive/texmf-dist/tex/latex/beamer/beamerbasetitle.sty)
(/usr/share/texlive/texmf-dist/tex/latex/beamer/beamerbasesection.sty
\c@lecture=\count286
\c@part=\count287
\c@section=\count288
\c@subsection=\count289
\c@subsubsection=\count290
)
(/usr/share/texlive/texmf-dist/tex/latex/beamer/beamerbaseframe.sty
\beamer@framebox=\box60
\beamer@frametitlebox=\box61
\beamer@zoombox=\box62
\beamer@zoomcount=\count291
\beamer@zoomframecount=\count292
\beamer@frametextheight=\dimen257
\c@subsectionslide=\count293
\beamer@frametopskip=\skip51
\beamer@framebottomskip=\skip52
\beamer@frametopskipautobreak=\skip53
\beamer@framebottomskipautobreak=\skip54
\beamer@envbody=\toks27
\framewidth=\dimen258
\c@framenumber=\count294
)
(/usr/share/texlive/texmf-dist/tex/latex/beamer/beamerbaseverbatim.sty
\beamer@verbatimfileout=\write4
)
(/usr/share/texlive/texmf-dist/tex/latex/beamer/beamerbaseframesize.sty
\beamer@splitbox=\box63
\beamer@autobreakcount=\count295
\beamer@autobreaklastheight=\dimen259
\beamer@frametitletoks=\toks28
\beamer@framesubtitletoks=\toks29
)
(/usr/share/texlive/texmf-dist/tex/latex/beamer/beamerbaseframecomponents.sty
\beamer@footins=\box64
)
(/usr/share/texlive/texmf-dist/tex/latex/beamer/beamerbasecolor.sty)
(/usr/share/texlive/texmf-dist/tex/latex/beamer/beamerbasenotes.sty
\beamer@frameboxcopy=\box65
)
(/usr/share/texlive/texmf-dist/tex/latex/beamer/beamerbasetoc.sty)
(/usr/share/texlive/texmf-dist/tex/latex/beamer/beamerbasetemplates.sty
\beamer@sbttoks=\toks30

(/usr/share/texlive/texmf-dist/tex/latex/beamer/beamerbaseauxtemplates.sty
(/usr/share/texlive/texmf-dist/tex/latex/beamer/beamerbaseboxes.sty
\bmb@box=\box66
\bmb@colorbox=\box67
\bmb@boxshadow=\box68
\bmb@boxshadowball=\box69
\bmb@boxshadowballlarge=\box70
\bmb@temp=\dimen260
\bmb@dima=\dimen261
\bmb@dimb=\dimen262
\bmb@prevheight=\dimen263
)
\beamer@blockheadheight=\dimen264
))
(/usr/share/texlive/texmf-dist/tex/latex/beamer/beamerbaselocalstructure.sty
(/usr/share/texlive/texmf-dist/tex/latex/tools/enumerate.sty
Package: enumerate 2015/07/23 v3.00 enumerate extensions (DPC)
\@enLab=\toks31
)
\c@figure=\count296
\c@table=\count297
\abovecaptionskip=\skip55
\belowcaptionskip=\skip56
)
(/usr/share/texlive/texmf-dist/tex/latex/beamer/beamerbasenavigation.sty
\beamer@section@min@dim=\dimen265
)
(/usr/share/texlive/texmf-dist/tex/latex/beamer/beamerbasetheorems.sty
(/usr/share/texlive/texmf-dist/tex/latex/amsmath/amsmath.sty
Package: amsmath 2020/01/20 v2.17e AMS math features
\@mathmargin=\skip57

For additional information on amsmath, use the `?' option.
(/usr/share/texlive/texmf-dist/tex/latex/amsmath/amstext.sty
Package: amstext 2000/06/29 v2.01 AMS text

(/usr/share/texlive/texmf-dist/tex/latex/amsmath/amsgen.sty
File: amsgen.sty 1999/11/30 v2.0 generic functions
\@emptytoks=\toks32
\ex@=\dimen266
))
(/usr/share/texlive/texmf-dist/tex/latex/amsmath/amsbsy.sty
Package: amsbsy 1999/11/29 v1.2d Bold Symbols
\pmbraise@=\dimen267
)
(/usr/share/texlive/texmf-dist/tex/latex/amsmath/amsopn.sty
Package: amsopn 2016/03/08 v2.02 operator names
)
\inf@bad=\count298
LaTeX Info: Redefining \frac on input line 227.
\uproot@=\count299
\leftroot@=\count300
LaTeX Info: Redefining \overline on input line 389.
\classnum@=\count301
\DOTSCASE@=\count302
LaTeX Info: Redefining \ldots on input line 486.
LaTeX Info: Redefining \dots on input line 489.
LaTeX Info: Redefining \cdots on input line 610.
\Mathstrutbox@=\box71
\strutbox@=\box72
\big@size=\dimen268
LaTeX Font Info:    Redeclaring font encoding OML on input line 733.
LaTeX Font Info:    Redeclaring font encoding OMS on input line 734.
\macc@depth=\count303
\c@MaxMatrixCols=\count304
\dotsspace@=\muskip17
\c@parentequation=\count305
\dspbrk@lvl=\count306
\tag@help=\toks33
\row@=\count307
\column@=\count308
\maxfields@=\count309
\andhelp@=\toks34
\eqnshift@=\dimen269
\alignsep@=\dimen270
\tagshift@=\dimen271
\tagwidth@=\dimen272
\totwidth@=\dimen273
\lineht@=\dimen274
\@envbody=\toks35
\multlinegap=\skip58
\multlinetaggap=\skip59
\mathdisplay@stack=\toks36
LaTeX Info: Redefining \[ on input line 2859.
LaTeX Info: Redefining \] on input line 2860.
)
(/usr/share/texlive/texmf-dist/tex/latex/amscls/amsthm.sty
Package: amsthm 2017/10/31 v2.20.4
\thm@style=\toks37
\thm@bodyfont=\toks38
\thm@headfont=\toks39
\thm@notefont=\toks40
\thm@headpunct=\toks41
\thm@preskip=\skip60
\thm@postskip=\skip61
\thm@headsep=\skip62
\dth@everypar=\toks42
)
\c@theorem=\count310
)
(/usr/share/texlive/texmf-dist/tex/latex/beamer/beamerbasethemes.sty))
(/usr/share/texlive/texmf-dist/tex/latex/beamer/beamerthemedefault.sty
(/usr/share/texlive/texmf-dist/tex/latex/beamer/beamerfontthemedefault.sty)
(/usr/share/texlive/texmf-dist/tex/latex/beamer/beamercolorthemedefault.sty)
(/usr/share/texlive/texmf-dist/tex/latex/beamer/beamerinnerthemedefault.sty
\beamer@dima=\dimen275
\beamer@dimb=\dimen276
)
(/usr/share/texlive/texmf-dist/tex/latex/beamer/beamerouterthemedefault.sty)))
(/usr/share/texlive/texmf-dist/tex/latex/beamer/beamercolorthemedove.sty)
(/usr/share/texlive/texmf-dist/tex/latex/tools/xspace.sty
Package: xspace 2014/10/28 v1.13 Space after command names (DPC,MH)
)
(/usr/share/texlive/texmf-dist/tex/latex/amsfonts/euscript.sty
Package: euscript 2009/06/22 v3.00 Euler Script fonts
LaTeX Font Info:    Overwriting math alphabet `\EuScript' in version `bold'
(Font)                  U/eus/m/n --> U/eus/b/n on input line 33.
)
(/usr/share/texlive/texmf-dist/tex/latex/caption/subcaption.sty
Package: subcaption 2020/01/22 v1.3d Sub-captions (AR)

(/usr/share/texlive/texmf-dist/tex/latex/caption/caption.sty
Package: caption 2020/01/03 v3.4h Customizing captions (AR)

(/usr/share/texlive/texmf-dist/tex/latex/caption/caption3.sty
Package: caption3 2020/01/03 v1.8h caption3 kernel (AR)
Package caption3 Info: TeX engine: e-TeX on input line 61.
\captionmargin=\dimen277
\captionmargin@=\dimen278
\captionwidth=\dimen279
\caption@tempdima=\dimen280
\caption@indent=\dimen281
\caption@parindent=\dimen282
\caption@hangindent=\dimen283
Package caption Info: beamer document class detected.
)
\c@caption@flags=\count311
\c@continuedfloat=\count312
Package caption Info: beamer document class.
Package caption Info: hyperref package is loaded.
Package caption Info: Hyperref support is turned off
(caption)             because hyperref has stopped early.
)
\c@subfigure=\count313
\c@subtable=\count314
)
Package hyperref Info: Option `colorlinks' set `true' on input line 17.

(/usr/share/texlive/texmf-dist/tex/latex/textpos/textpos.sty
Package: textpos 2019/04/15 v1.9.1

Package: textpos 2019/04/15 1.9.1, absolute positioning of text on the page
\TP@textbox=\box73
\TP@holdbox=\box74
\TPHorizModule=\dimen284
\TPVertModule=\dimen285
\TP@margin=\dimen286
\TP@absmargin=\dimen287
Grid set 16 x 16 = 22.7622pt x 17.07166pt
\TPboxrulesize=\dimen288
\TP@ox=\dimen289
\TP@oy=\dimen290
\TP@tbargs=\toks43
\TP@prevdepth=\dimen291
TextBlockOrigin set to 0pt x 0pt
) (/usr/share/texlive/texmf-dist/tex/latex/multirow/multirow.sty
Package: multirow 2019/05/31 v2.5 Span multiple rows of a table
\multirow@colwidth=\skip63
\multirow@cntb=\count315
\multirow@dima=\skip64
\bigstrutjot=\dimen292
)
(/usr/share/texlive/texmf-dist/tex/latex/bbm-macros/bbm.sty
Package: bbm 1999/03/15 V 1.2 provides fonts for set symbols - TH
LaTeX Font Info:    Overwriting math alphabet `\mathbbm' in version `bold'
(Font)                  U/bbm/m/n --> U/bbm/bx/n on input line 33.
LaTeX Font Info:    Overwriting math alphabet `\mathbbmss' in version `bold'
(Font)                  U/bbmss/m/n --> U/bbmss/bx/n on input line 35.
)
(/usr/share/texlive/texmf-dist/tex/latex/movie15/movie15.sty
Package: movie15 2012/05/16

(/usr/share/texlive/texmf-dist/tex/latex/base/ifthen.sty
Package: ifthen 2014/09/29 v1.1c Standard LaTeX ifthen package (DPC)
)
(/usr/share/texlive/texmf-dist/tex/latex/oberdiek/ifdraft.sty
Package: ifdraft 2016/05/16 v1.4 Detect class options draft and final (HO)
)
\@MXV@page=\count316
\@MXV@adict=\count317
\@MXV@aadict=\count318
\@MXV@includes=\count319
\@MXV@players=\count320
\@MXV@links=\count321
\@MXV@width=\dimen293
\@MXV@height=\dimen294
\@MXV@depth=\dimen295
\@MXV@totalheight=\dimen296
\@MXV@@boxdepth=\dimen297
\@MXV@traiselen=\dimen298
\@MXV@braiselen=\dimen299
\@MXV@start=\dimen300
\@MXV@end=\dimen301
\@MXV@textbox=\box75
)
(/usr/share/texlive/texmf-dist/tex/latex/arydshln/arydshln.sty
Package: arydshln 2019/02/21 v1.76 
\dashlinedash=\dimen302
\dashlinegap=\dimen303
\adl@box=\box76
\adl@height=\dimen304
\adl@heightsave=\dimen305
\adl@depth=\dimen306
\adl@depthsave=\dimen307
\adl@finaldepth=\dimen308
\adl@columns=\count322
\adl@ncol=\count323
\adl@currentcolumn=\count324
\adl@currentcolumnsave=\count325
\adl@totalheight=\count326
\adl@totalheightsave=\count327
\adl@dash=\count328
\adl@gap=\count329
\adl@cla=\count330
\adl@clb=\count331
\adl@everyvbox=\toks44
\adl@LTpagetotal=\dimen309
)
(/usr/share/texlive/texmf-dist/tex/latex/beamer/beamerfontthemeserif.sty)
(/usr/share/texlive/texmf-dist/tex/latex/mathtools/mathtools.sty
Package: mathtools 2020/01/17 v1.23 mathematical typesetting tools

(/usr/share/texlive/texmf-dist/tex/latex/tools/calc.sty
Package: calc 2017/05/25 v4.3 Infix arithmetic (KKT,FJ)
\calc@Acount=\count332
\calc@Bcount=\count333
\calc@Adimen=\dimen310
\calc@Bdimen=\dimen311
\calc@Askip=\skip65
\calc@Bskip=\skip66
LaTeX Info: Redefining \setlength on input line 80.
LaTeX Info: Redefining \addtolength on input line 81.
\calc@Ccount=\count334
\calc@Cskip=\skip67
)
(/usr/share/texlive/texmf-dist/tex/latex/mathtools/mhsetup.sty
Package: mhsetup 2017/03/31 v1.3 programming setup (MH)
)
LaTeX Info: Thecontrolsequence`\('isalreadyrobust on input line 129.
LaTeX Info: Thecontrolsequence`\)'isalreadyrobust on input line 129.
LaTeX Info: Thecontrolsequence`\['isalreadyrobust on input line 129.
LaTeX Info: Thecontrolsequence`\]'isalreadyrobust on input line 129.
\g_MT_multlinerow_int=\count335
\l_MT_multwidth_dim=\dimen312
\origjot=\skip68
\l_MT_shortvdotswithinadjustabove_dim=\dimen313
\l_MT_shortvdotswithinadjustbelow_dim=\dimen314
\l_MT_above_intertext_sep=\dimen315
\l_MT_below_intertext_sep=\dimen316
\l_MT_above_shortintertext_sep=\dimen317
\l_MT_below_shortintertext_sep=\dimen318
)
(/usr/share/texlive/texmf-dist/tex/latex/pgf/frontendlayer/tikz.sty
(/usr/share/texlive/texmf-dist/tex/latex/pgf/basiclayer/pgf.sty
Package: pgf 2020/01/08 v3.1.5b (3.1.5b)

(/usr/share/texlive/texmf-dist/tex/generic/pgf/modules/pgfmoduleshapes.code.tex
File: pgfmoduleshapes.code.tex 2020/01/08 v3.1.5b (3.1.5b)
\pgfnodeparttextbox=\box77
) (/usr/share/texlive/texmf-dist/tex/generic/pgf/modules/pgfmoduleplot.code.tex
File: pgfmoduleplot.code.tex 2020/01/08 v3.1.5b (3.1.5b)
)
(/usr/share/texlive/texmf-dist/tex/latex/pgf/compatibility/pgfcomp-version-0-65
.sty
Package: pgfcomp-version-0-65 2020/01/08 v3.1.5b (3.1.5b)
\pgf@nodesepstart=\dimen319
\pgf@nodesepend=\dimen320
)
(/usr/share/texlive/texmf-dist/tex/latex/pgf/compatibility/pgfcomp-version-1-18
.sty
Package: pgfcomp-version-1-18 2020/01/08 v3.1.5b (3.1.5b)
)) (/usr/share/texlive/texmf-dist/tex/latex/pgf/utilities/pgffor.sty
(/usr/share/texlive/texmf-dist/tex/latex/pgf/utilities/pgfkeys.sty
(/usr/share/texlive/texmf-dist/tex/generic/pgf/utilities/pgfkeys.code.tex))
(/usr/share/texlive/texmf-dist/tex/latex/pgf/math/pgfmath.sty
(/usr/share/texlive/texmf-dist/tex/generic/pgf/math/pgfmath.code.tex))
(/usr/share/texlive/texmf-dist/tex/generic/pgf/utilities/pgffor.code.tex
Package: pgffor 2020/01/08 v3.1.5b (3.1.5b)

(/usr/share/texlive/texmf-dist/tex/generic/pgf/math/pgfmath.code.tex)
\pgffor@iter=\dimen321
\pgffor@skip=\dimen322
\pgffor@stack=\toks45
\pgffor@toks=\toks46
))
(/usr/share/texlive/texmf-dist/tex/generic/pgf/frontendlayer/tikz/tikz.code.tex
Package: tikz 2020/01/08 v3.1.5b (3.1.5b)

(/usr/share/texlive/texmf-dist/tex/generic/pgf/libraries/pgflibraryplothandlers
.code.tex
File: pgflibraryplothandlers.code.tex 2020/01/08 v3.1.5b (3.1.5b)
\pgf@plot@mark@count=\count336
\pgfplotmarksize=\dimen323
)
\tikz@lastx=\dimen324
\tikz@lasty=\dimen325
\tikz@lastxsaved=\dimen326
\tikz@lastysaved=\dimen327
\tikz@lastmovetox=\dimen328
\tikz@lastmovetoy=\dimen329
\tikzleveldistance=\dimen330
\tikzsiblingdistance=\dimen331
\tikz@figbox=\box78
\tikz@figbox@bg=\box79
\tikz@tempbox=\box80
\tikz@tempbox@bg=\box81
\tikztreelevel=\count337
\tikznumberofchildren=\count338
\tikznumberofcurrentchild=\count339
\tikz@fig@count=\count340

(/usr/share/texlive/texmf-dist/tex/generic/pgf/modules/pgfmodulematrix.code.tex
File: pgfmodulematrix.code.tex 2020/01/08 v3.1.5b (3.1.5b)
\pgfmatrixcurrentrow=\count341
\pgfmatrixcurrentcolumn=\count342
\pgf@matrix@numberofcolumns=\count343
)
\tikz@expandcount=\count344

(/usr/share/texlive/texmf-dist/tex/generic/pgf/frontendlayer/tikz/libraries/tik
zlibrarytopaths.code.tex
File: tikzlibrarytopaths.code.tex 2020/01/08 v3.1.5b (3.1.5b)
)))
(/usr/share/texlive/texmf-dist/tex/latex/tools/verbatim.sty
Package: verbatim 2019/11/10 v1.5r LaTeX2e package for verbatim enhancements
\every@verbatim=\toks47
\verbatim@line=\toks48
\verbatim@in@stream=\read3
)
(/usr/share/texlive/texmf-dist/tex/latex/pgfplots/pgfplots.sty
(/usr/share/texlive/texmf-dist/tex/generic/pgfplots/pgfplots.revision.tex)
Package: pgfplots 2018/03/28 v1.16 Data Visualization (1.16)

(/usr/share/texlive/texmf-dist/tex/generic/pgfplots/pgfplots.code.tex
(/usr/share/texlive/texmf-dist/tex/generic/pgfplots/pgfplotscore.code.tex
\t@pgfplots@toka=\toks49
\t@pgfplots@tokb=\toks50
\t@pgfplots@tokc=\toks51
\pgfplots@tmpa=\dimen332
\c@pgfplots@coordindex=\count345
\c@pgfplots@scanlineindex=\count346

(/usr/share/texlive/texmf-dist/tex/generic/pgfplots/sys/pgfplotssysgeneric.code
.tex))
(/usr/share/texlive/texmf-dist/tex/generic/pgfplots/libs/pgfplotslibrary.code.t
ex)
(/usr/share/texlive/texmf-dist/tex/generic/pgfplots/oldpgfcompatib/pgfplotsoldp
gfsupp_loader.code.tex
(/usr/share/texlive/texmf-dist/tex/generic/pgf/libraries/pgflibraryfpu.code.tex
))
(/usr/share/texlive/texmf-dist/tex/generic/pgfplots/util/pgfplotsutil.code.tex
(/usr/share/texlive/texmf-dist/tex/generic/pgfplots/liststructure/pgfplotslists
tructure.code.tex)
(/usr/share/texlive/texmf-dist/tex/generic/pgfplots/liststructure/pgfplotslists
tructureext.code.tex)
(/usr/share/texlive/texmf-dist/tex/generic/pgfplots/liststructure/pgfplotsarray
.code.tex
\c@pgfplotsarray@tmp=\count347
)
(/usr/share/texlive/texmf-dist/tex/generic/pgfplots/liststructure/pgfplotsmatri
x.code.tex)
(/usr/share/texlive/texmf-dist/tex/generic/pgfplots/numtable/pgfplotstableshare
d.code.tex
\c@pgfplotstable@counta=\count348
\t@pgfplotstable@a=\toks52
)
(/usr/share/texlive/texmf-dist/tex/generic/pgfplots/liststructure/pgfplotsdeque
.code.tex)
(/usr/share/texlive/texmf-dist/tex/generic/pgfplots/util/pgfplotsbinary.code.te
x
(/usr/share/texlive/texmf-dist/tex/generic/pgfplots/util/pgfplotsbinary.data.co
de.tex))
(/usr/share/texlive/texmf-dist/tex/generic/pgfplots/util/pgfplotsutil.verb.code
.tex)
(/usr/share/texlive/texmf-dist/tex/generic/pgfplots/libs/pgflibrarypgfplots.sur
fshading.code.tex
\c@pgfplotslibrarysurf@no=\count349

(/usr/share/texlive/texmf-dist/tex/generic/pgfplots/sys/pgflibrarypgfplots.surf
shading.pgfsys-pdftex.def)))
(/usr/share/texlive/texmf-dist/tex/generic/pgfplots/util/pgfplotscolormap.code.
tex
(/usr/share/texlive/texmf-dist/tex/generic/pgfplots/util/pgfplotscolor.code.tex
))
(/usr/share/texlive/texmf-dist/tex/generic/pgfplots/pgfplotsstackedplots.code.t
ex)
(/usr/share/texlive/texmf-dist/tex/generic/pgfplots/pgfplotsplothandlers.code.t
ex
(/usr/share/texlive/texmf-dist/tex/generic/pgfplots/pgfplotsmeshplothandler.cod
e.tex
(/usr/share/texlive/texmf-dist/tex/generic/pgfplots/pgfplotsmeshplotimage.code.
tex)))
(/usr/share/texlive/texmf-dist/tex/generic/pgfplots/pgfplots.scaling.code.tex)
(/usr/share/texlive/texmf-dist/tex/generic/pgfplots/pgfplotscoordprocessing.cod
e.tex)
(/usr/share/texlive/texmf-dist/tex/generic/pgfplots/pgfplots.errorbars.code.tex
) (/usr/share/texlive/texmf-dist/tex/generic/pgfplots/pgfplots.markers.code.tex
) (/usr/share/texlive/texmf-dist/tex/generic/pgfplots/pgfplotsticks.code.tex)
(/usr/share/texlive/texmf-dist/tex/generic/pgfplots/pgfplots.paths.code.tex)
(/usr/share/texlive/texmf-dist/tex/generic/pgf/frontendlayer/tikz/libraries/tik
zlibrarydecorations.code.tex
(/usr/share/texlive/texmf-dist/tex/generic/pgf/modules/pgfmoduledecorations.cod
e.tex
\pgfdecoratedcompleteddistance=\dimen333
\pgfdecoratedremainingdistance=\dimen334
\pgfdecoratedinputsegmentcompleteddistance=\dimen335
\pgfdecoratedinputsegmentremainingdistance=\dimen336
\pgf@decorate@distancetomove=\dimen337
\pgf@decorate@repeatstate=\count350
\pgfdecorationsegmentamplitude=\dimen338
\pgfdecorationsegmentlength=\dimen339
)
\tikz@lib@dec@box=\box82
)
(/usr/share/texlive/texmf-dist/tex/generic/pgf/frontendlayer/tikz/libraries/tik
zlibrarydecorations.pathmorphing.code.tex
(/usr/share/texlive/texmf-dist/tex/generic/pgf/libraries/decorations/pgflibrary
decorations.pathmorphing.code.tex))
(/usr/share/texlive/texmf-dist/tex/generic/pgf/frontendlayer/tikz/libraries/tik
zlibrarydecorations.pathreplacing.code.tex
(/usr/share/texlive/texmf-dist/tex/generic/pgf/libraries/decorations/pgflibrary
decorations.pathreplacing.code.tex))
\pgfplots@numplots=\count351
\pgfplots@xmin@reg=\dimen340
\pgfplots@xmax@reg=\dimen341
\pgfplots@ymin@reg=\dimen342
\pgfplots@ymax@reg=\dimen343
\pgfplots@zmin@reg=\dimen344
\pgfplots@zmax@reg=\dimen345
)
(/usr/share/texlive/texmf-dist/tex/generic/pgf/frontendlayer/tikz/libraries/tik
zlibraryplotmarks.code.tex
File: tikzlibraryplotmarks.code.tex 2020/01/08 v3.1.5b (3.1.5b)

(/usr/share/texlive/texmf-dist/tex/generic/pgf/libraries/pgflibraryplotmarks.co
de.tex
File: pgflibraryplotmarks.code.tex 2020/01/08 v3.1.5b (3.1.5b)
)))
(/usr/share/texlive/texmf-dist/tex/generic/pgf/frontendlayer/tikz/libraries/tik
zlibraryarrows.code.tex
File: tikzlibraryarrows.code.tex 2020/01/08 v3.1.5b (3.1.5b)

(/usr/share/texlive/texmf-dist/tex/generic/pgf/libraries/pgflibraryarrows.code.
tex
File: pgflibraryarrows.code.tex 2020/01/08 v3.1.5b (3.1.5b)
\arrowsize=\dimen346
))
(/usr/share/texlive/texmf-dist/tex/generic/pgf/frontendlayer/tikz/libraries/tik
zlibraryautomata.code.tex
File: tikzlibraryautomata.code.tex 2020/01/08 v3.1.5b (3.1.5b)

(/usr/share/texlive/texmf-dist/tex/generic/pgf/frontendlayer/tikz/libraries/tik
zlibraryshapes.multipart.code.tex
File: tikzlibraryshapes.multipart.code.tex 2020/01/08 v3.1.5b (3.1.5b)

(/usr/share/texlive/texmf-dist/tex/generic/pgf/libraries/shapes/pgflibraryshape
s.multipart.code.tex
File: pgflibraryshapes.multipart.code.tex 2020/01/08 v3.1.5b (3.1.5b)
\pgfnodepartlowerbox=\box83
\pgfnodeparttwobox=\box84
\pgfnodepartthreebox=\box85
\pgfnodepartfourbox=\box86
\pgfnodeparttwentybox=\box87
\pgfnodepartnineteenbox=\box88
\pgfnodeparteighteenbox=\box89
\pgfnodepartseventeenbox=\box90
\pgfnodepartsixteenbox=\box91
\pgfnodepartfifteenbox=\box92
\pgfnodepartfourteenbox=\box93
\pgfnodepartthirteenbox=\box94
\pgfnodeparttwelvebox=\box95
\pgfnodepartelevenbox=\box96
\pgfnodeparttenbox=\box97
\pgfnodepartninebox=\box98
\pgfnodeparteightbox=\box99
\pgfnodepartsevenbox=\box100
\pgfnodepartsixbox=\box101
\pgfnodepartfivebox=\box102
)))
(/usr/share/texlive/texmf-dist/tex/generic/pgf/frontendlayer/tikz/libraries/tik
zlibrarypositioning.code.tex
File: tikzlibrarypositioning.code.tex 2020/01/08 v3.1.5b (3.1.5b)
)
(/usr/share/texlive/texmf-dist/tex/generic/pgf/frontendlayer/tikz/libraries/tik
zlibraryfit.code.tex
File: tikzlibraryfit.code.tex 2020/01/08 v3.1.5b (3.1.5b)
)

Package hyperref Warning: Token not allowed in a PDF string (PDFDocEncoding):
(hyperref)                removing `\\' on input line 455.

(/usr/share/texlive/texmf-dist/tex/latex/l3backend/l3backend-pdfmode.def
File: l3backend-pdfmode.def 2020-02-03 L3 backend support: PDF mode
\l__kernel_color_stack_int=\count352
\l__pdf_internal_box=\box103
)
(./m2dt_psf.aux)
\openout1 = `m2dt_psf.aux'.

LaTeX Font Info:    Checking defaults for OML/cmm/m/it on input line 471.
LaTeX Font Info:    ... okay on input line 471.
LaTeX Font Info:    Checking defaults for OMS/cmsy/m/n on input line 471.
LaTeX Font Info:    ... okay on input line 471.
LaTeX Font Info:    Checking defaults for OT1/cmr/m/n on input line 471.
LaTeX Font Info:    ... okay on input line 471.
LaTeX Font Info:    Checking defaults for T1/cmr/m/n on input line 471.
LaTeX Font Info:    ... okay on input line 471.
LaTeX Font Info:    Checking defaults for TS1/cmr/m/n on input line 471.
LaTeX Font Info:    ... okay on input line 471.
LaTeX Font Info:    Checking defaults for OMX/cmex/m/n on input line 471.
LaTeX Font Info:    ... okay on input line 471.
LaTeX Font Info:    Checking defaults for U/cmr/m/n on input line 471.
LaTeX Font Info:    ... okay on input line 471.
LaTeX Font Info:    Checking defaults for PD1/pdf/m/n on input line 471.
LaTeX Font Info:    ... okay on input line 471.

*geometry* driver: auto-detecting
*geometry* detected driver: pdftex
*geometry* verbose mode - [ preamble ] result:
* driver: pdftex
* paper: custom
* layout: <same size as paper>
* layoutoffset:(h,v)=(0.0pt,0.0pt)
* modes: includehead includefoot 
* h-part:(L,W,R)=(28.45274pt, 307.28987pt, 28.45274pt)
* v-part:(T,H,B)=(0.0pt, 273.14662pt, 0.0pt)
* \paperwidth=364.19536pt
* \paperheight=273.14662pt
* \textwidth=307.28987pt
* \textheight=244.6939pt
* \oddsidemargin=-43.81725pt
* \evensidemargin=-43.81725pt
* \topmargin=-72.26999pt
* \headheight=14.22636pt
* \headsep=0.0pt
* \topskip=10.0pt
* \footskip=14.22636pt
* \marginparwidth=3.0pt
* \marginparsep=11.0pt
* \columnsep=10.0pt
* \skip\footins=9.0pt plus 4.0pt minus 2.0pt
* \hoffset=0.0pt
* \voffset=0.0pt
* \mag=1000
* \@twocolumnfalse
* \@twosidefalse
* \@mparswitchfalse
* \@reversemarginfalse
* (1in=72.27pt=25.4mm, 1cm=28.453pt)

(/usr/share/texlive/texmf-dist/tex/context/base/mkii/supp-pdf.mkii
[Loading MPS to PDF converter (version 2006.09.02).]
\scratchcounter=\count353
\scratchdimen=\dimen347
\scratchbox=\box104
\nofMPsegments=\count354
\nofMParguments=\count355
\everyMPshowfont=\toks53
\MPscratchCnt=\count356
\MPscratchDim=\dimen348
\MPnumerator=\count357
\makeMPintoPDFobject=\count358
\everyMPtoPDFconversion=\toks54
) (/usr/share/texlive/texmf-dist/tex/latex/epstopdf-pkg/epstopdf-base.sty
Package: epstopdf-base 2020-01-24 v2.11 Base part for package epstopdf
Package epstopdf-base Info: Redefining graphics rule for `.eps' on input line 4
85.

(/usr/share/texlive/texmf-dist/tex/latex/latexconfig/epstopdf-sys.cfg
File: epstopdf-sys.cfg 2010/07/13 v1.3 Configuration of (r)epstopdf for TeX Liv
e
))
ABD: EveryShipout initializing macros
\AtBeginShipoutBox=\box105
Package hyperref Info: Link coloring ON on input line 471.

(/usr/share/texlive/texmf-dist/tex/latex/hyperref/nameref.sty
Package: nameref 2019/09/16 v2.46 Cross-referencing by name of section

(/usr/share/texlive/texmf-dist/tex/latex/refcount/refcount.sty
Package: refcount 2019/12/15 v3.6 Data extraction from label references (HO)
)
(/usr/share/texlive/texmf-dist/tex/generic/gettitlestring/gettitlestring.sty
Package: gettitlestring 2019/12/15 v1.6 Cleanup title references (HO)
)
\c@section@level=\count359
)
LaTeX Info: Redefining \ref on input line 471.
LaTeX Info: Redefining \pageref on input line 471.
LaTeX Info: Redefining \nameref on input line 471.

(./m2dt_psf.out) (./m2dt_psf.out)
\@outlinefile=\write5
\openout5 = `m2dt_psf.out'.


(/usr/share/texlive/texmf-dist/tex/latex/translator/translator-basic-dictionary
-English.dict
Dictionary: translator-basic-dictionary, Language: English 
)
(/usr/share/texlive/texmf-dist/tex/latex/translator/translator-bibliography-dic
tionary-English.dict
Dictionary: translator-bibliography-dictionary, Language: English 
)
(/usr/share/texlive/texmf-dist/tex/latex/translator/translator-environment-dict
ionary-English.dict
Dictionary: translator-environment-dictionary, Language: English 
)
(/usr/share/texlive/texmf-dist/tex/latex/translator/translator-months-dictionar
y-English.dict
Dictionary: translator-months-dictionary, Language: English 
)
(/usr/share/texlive/texmf-dist/tex/latex/translator/translator-numbers-dictiona
ry-English.dict
Dictionary: translator-numbers-dictionary, Language: English 
)
(/usr/share/texlive/texmf-dist/tex/latex/translator/translator-theorem-dictiona
ry-English.dict
Dictionary: translator-theorem-dictionary, Language: English 
)
Package caption Info: Begin \AtBeginDocument code.
Package caption Info: End \AtBeginDocument code.


Package pgfplots Warning: running in backwards compatibility mode (unsuitable t
ick labels; missing features). Consider writing \pgfplotsset{compat=1.16} into 
your preamble.
 on input line 471.

(./m2dt_psf.nav)
LaTeX Font Info:    Trying to load font information for U+msa on input line 480
.
 (/usr/share/texlive/texmf-dist/tex/latex/amsfonts/umsa.fd
File: umsa.fd 2013/01/14 v3.01 AMS symbols A
)
LaTeX Font Info:    Trying to load font information for U+msb on input line 480
.

(/usr/share/texlive/texmf-dist/tex/latex/amsfonts/umsb.fd
File: umsb.fd 2013/01/14 v3.01 AMS symbols B
)
<phi_intro.png, id=13, 1178.90437pt x 249.93375pt>
File: phi_intro.png Graphic file (type png)
<use phi_intro.png>
Package pdftex.def Info: phi_intro.png  used on input line 480.
(pdftex.def)             Requested size: 294.72537pt x 62.48328pt.
 [1

{/var/lib/texmf/fonts/map/pdftex/updmap/pdftex.map} <./phi_intro.png>]
<ScienceRignot-crop.pdf, id=27, 579.16376pt x 574.145pt>
File: ScienceRignot-crop.pdf Graphic file (type pdf)
<use ScienceRignot-crop.pdf>
Package pdftex.def Info: ScienceRignot-crop.pdf  used on input line 538.
(pdftex.def)             Requested size: 124.91985pt x 123.833pt.
<beta_cube_cut.png, id=28, 1286.8075pt x 778.91pt>
File: beta_cube_cut.png Graphic file (type png)
<use beta_cube_cut.png>
Package pdftex.def Info: beta_cube_cut.png  used on input line 538.
(pdftex.def)             Requested size: 151.69014pt x 91.81313pt.
 [2

 <./ScienceRignot-crop.pdf> <./beta_cube_cut.png (PNG copy)>] [3

]
File: beta_cube_cut.png Graphic file (type png)
<use beta_cube_cut.png>
Package pdftex.def Info: beta_cube_cut.png  used on input line 575.
(pdftex.def)             Requested size: 135.51541pt x 82.01971pt.
<pig_uobs_uqice.png, id=66, 1284.8pt x 586.19pt>
File: pig_uobs_uqice.png Graphic file (type png)
<use pig_uobs_uqice.png>
Package pdftex.def Info: pig_uobs_uqice.png  used on input line 575.
(pdftex.def)             Requested size: 135.51541pt x 61.82457pt.
<Mesh_Height.png, id=67, 882.29625pt x 561.09625pt>
File: Mesh_Height.png Graphic file (type png)
<use Mesh_Height.png>
Package pdftex.def Info: Mesh_Height.png  used on input line 575.
(pdftex.def)             Requested size: 135.51541pt x 86.18135pt.
 [4

 <./pig_uobs_uqice.png> <./Mesh_Height.png>] [5

]
<informed_uninformed_modes.pdf, id=90, 575.6967pt x 529.14491pt>
File: informed_uninformed_modes.pdf Graphic file (type pdf)
<use informed_uninformed_modes.pdf>
Package pdftex.def Info: informed_uninformed_modes.pdf  used on input line 629.

(pdftex.def)             Requested size: 132.40746pt x 121.70076pt.
 [6

 <./informed_uninformed_modes.pdf>]
Overfull \hbox (12.2295pt too wide) detected at line 667
[]
 []

<informed_uninformed_modes_combined.pdf, id=130, 1250.64064pt x 573.09451pt>
File: informed_uninformed_modes_combined.pdf Graphic file (type pdf)
<use informed_uninformed_modes_combined.pdf>
Package pdftex.def Info: informed_uninformed_modes_combined.pdf  used on input 
line 667.
(pdftex.def)             Requested size: 312.6594pt x 143.27327pt.

Overfull \hbox (5.36952pt too wide) in paragraph at lines 667--667
 [] 
 []

[7

 <./informed_uninformed_modes_combined.pdf>] [8

]
<spec_ppmisfit_hess_coarseandfine_new.pdf, id=178, 525.965pt x 421.575pt>
File: spec_ppmisfit_hess_coarseandfine_new.pdf Graphic file (type pdf)
<use spec_ppmisfit_hess_coarseandfine_new.pdf>
Package pdftex.def Info: spec_ppmisfit_hess_coarseandfine_new.pdf  used on inpu
t line 712.
(pdftex.def)             Requested size: 153.64493pt x 123.14775pt.
 [9

 <./spec_ppmisfit_hess_coarseandfine_new.pdf>]
Package epstopdf Info: Source file: <heat_inverse_problem_Hfull_hmatrix.eps>
(epstopdf)                    date: 2020-11-23 06:56:00
(epstopdf)                    size: 834922 bytes
(epstopdf)             Output file: <heat_inverse_problem_Hfull_hmatrix-eps-con
verted-to.pdf>
(epstopdf)                    date: 2020-11-23 14:50:08
(epstopdf)                    size: 240484 bytes
(epstopdf)             Command: <repstopdf --outfile=heat_inverse_problem_Hfull
_hmatrix-eps-converted-to.pdf heat_inverse_problem_Hfull_hmatrix.eps>
(epstopdf)             \includegraphics on input line 853.
Package epstopdf Info: Output file is already uptodate.
<heat_inverse_problem_Hfull_hmatrix-eps-converted-to.pdf, id=192, 511.9125pt x 
511.9125pt>
File: heat_inverse_problem_Hfull_hmatrix-eps-converted-to.pdf Graphic file (typ
e pdf)
<use heat_inverse_problem_Hfull_hmatrix-eps-converted-to.pdf>
Package pdftex.def Info: heat_inverse_problem_Hfull_hmatrix-eps-converted-to.pd
f  used on input line 853.
(pdftex.def)             Requested size: 138.2795pt x 138.2807pt.
 [10

 <./heat_inverse_problem_Hfull_hmatrix-eps-converted-to.pdf>] [11

] [12

]
<mean_displacement_invariance.pdf, id=214, 189.9913pt x 123.64291pt>
File: mean_displacement_invariance.pdf Graphic file (type pdf)
<use mean_displacement_invariance.pdf>
Package pdftex.def Info: mean_displacement_invariance.pdf  used on input line 9
23.
(pdftex.def)             Requested size: 153.64493pt x 99.99171pt.
 [13

 <./mean_displacement_invariance.pdf>]
<reordered_phi/phi0_minimal.png, id=224, 524.71031pt x 462.97969pt>
File: reordered_phi/phi0_minimal.png Graphic file (type png)
<use reordered_phi/phi0_minimal.png>
Package pdftex.def Info: reordered_phi/phi0_minimal.png  used on input line 127
4.
(pdftex.def)             Requested size: 307.28987pt x 271.14226pt.

Overfull \vbox (29.63164pt too high) detected at line 1274
 []

[14

 <./reordered_phi/phi0_minimal.png>]
<reordered_phi/phi1_minimal.png, id=231, 524.71031pt x 462.97969pt>
File: reordered_phi/phi1_minimal.png Graphic file (type png)
<use reordered_phi/phi1_minimal.png>
Package pdftex.def Info: reordered_phi/phi1_minimal.png  used on input line 127
4.
(pdftex.def)             Requested size: 307.28987pt x 271.14226pt.

Overfull \vbox (29.63164pt too high) detected at line 1274
 []

[15

 <./reordered_phi/phi1_minimal.png>]
<reordered_phi/phi2_minimal.png, id=238, 524.71031pt x 462.97969pt>
File: reordered_phi/phi2_minimal.png Graphic file (type png)
<use reordered_phi/phi2_minimal.png>
Package pdftex.def Info: reordered_phi/phi2_minimal.png  used on input line 127
4.
(pdftex.def)             Requested size: 307.28987pt x 271.14226pt.

Overfull \vbox (29.63164pt too high) detected at line 1274
 []

[16

 <./reordered_phi/phi2_minimal.png>]
<reordered_phi/phi3_minimal.png, id=245, 524.71031pt x 462.97969pt>
File: reordered_phi/phi3_minimal.png Graphic file (type png)
<use reordered_phi/phi3_minimal.png>
Package pdftex.def Info: reordered_phi/phi3_minimal.png  used on input line 127
4.
(pdftex.def)             Requested size: 307.28987pt x 271.14226pt.

Overfull \vbox (29.63164pt too high) detected at line 1274
 []

[17

 <./reordered_phi/phi3_minimal.png>]
<reordered_phi/phi4_minimal.png, id=252, 524.71031pt x 462.97969pt>
File: reordered_phi/phi4_minimal.png Graphic file (type png)
<use reordered_phi/phi4_minimal.png>
Package pdftex.def Info: reordered_phi/phi4_minimal.png  used on input line 127
4.
(pdftex.def)             Requested size: 307.28987pt x 271.14226pt.

Overfull \vbox (29.63164pt too high) detected at line 1274
 []

[18

 <./reordered_phi/phi4_minimal.png>]
<reordered_phi/phi5_minimal.png, id=259, 524.71031pt x 462.97969pt>
File: reordered_phi/phi5_minimal.png Graphic file (type png)
<use reordered_phi/phi5_minimal.png>
Package pdftex.def Info: reordered_phi/phi5_minimal.png  used on input line 127
4.
(pdftex.def)             Requested size: 307.28987pt x 271.14226pt.

Overfull \vbox (29.63164pt too high) detected at line 1274
 []

[19

 <./reordered_phi/phi5_minimal.png>]
<reordered_phi/phi6_minimal.png, id=267, 524.71031pt x 462.97969pt>
File: reordered_phi/phi6_minimal.png Graphic file (type png)
<use reordered_phi/phi6_minimal.png>
Package pdftex.def Info: reordered_phi/phi6_minimal.png  used on input line 127
4.
(pdftex.def)             Requested size: 307.28987pt x 271.14226pt.

Overfull \vbox (29.63164pt too high) detected at line 1274
 []

[20

 <./reordered_phi/phi6_minimal.png>]
<reordered_phi/phi7_minimal.png, id=274, 524.71031pt x 462.97969pt>
File: reordered_phi/phi7_minimal.png Graphic file (type png)
<use reordered_phi/phi7_minimal.png>
Package pdftex.def Info: reordered_phi/phi7_minimal.png  used on input line 127
4.
(pdftex.def)             Requested size: 307.28987pt x 271.14226pt.

Overfull \vbox (29.63164pt too high) detected at line 1274
 []

[21

 <./reordered_phi/phi7_minimal.png>]
<reordered_phi/phi8_minimal.png, id=281, 524.71031pt x 462.97969pt>
File: reordered_phi/phi8_minimal.png Graphic file (type png)
<use reordered_phi/phi8_minimal.png>
Package pdftex.def Info: reordered_phi/phi8_minimal.png  used on input line 127
4.
(pdftex.def)             Requested size: 307.28987pt x 271.14226pt.

Overfull \vbox (29.63164pt too high) detected at line 1274
 []

[22

 <./reordered_phi/phi8_minimal.png>]
<reordered_phi/phi9_minimal.png, id=288, 524.71031pt x 462.97969pt>
File: reordered_phi/phi9_minimal.png Graphic file (type png)
<use reordered_phi/phi9_minimal.png>
Package pdftex.def Info: reordered_phi/phi9_minimal.png  used on input line 127
4.
(pdftex.def)             Requested size: 307.28987pt x 271.14226pt.

Overfull \vbox (29.63164pt too high) detected at line 1274
 []

[23

 <./reordered_phi/phi9_minimal.png>]
<reordered_phi/phi10_minimal.png, id=295, 524.71031pt x 462.97969pt>
File: reordered_phi/phi10_minimal.png Graphic file (type png)
<use reordered_phi/phi10_minimal.png>
Package pdftex.def Info: reordered_phi/phi10_minimal.png  used on input line 12
74.
(pdftex.def)             Requested size: 307.28987pt x 271.14226pt.

Overfull \vbox (29.63164pt too high) detected at line 1274
 []

[24

 <./reordered_phi/phi10_minimal.png>]
<reordered_phi/phi11_minimal.png, id=302, 524.71031pt x 462.97969pt>
File: reordered_phi/phi11_minimal.png Graphic file (type png)
<use reordered_phi/phi11_minimal.png>
Package pdftex.def Info: reordered_phi/phi11_minimal.png  used on input line 12
74.
(pdftex.def)             Requested size: 307.28987pt x 271.14226pt.

Overfull \vbox (29.63164pt too high) detected at line 1274
 []

[25

 <./reordered_phi/phi11_minimal.png>]
<reordered_phi/phi12_minimal.png, id=310, 524.71031pt x 462.97969pt>
File: reordered_phi/phi12_minimal.png Graphic file (type png)
<use reordered_phi/phi12_minimal.png>
Package pdftex.def Info: reordered_phi/phi12_minimal.png  used on input line 12
74.
(pdftex.def)             Requested size: 307.28987pt x 271.14226pt.

Overfull \vbox (29.63164pt too high) detected at line 1274
 []

[26

 <./reordered_phi/phi12_minimal.png>]
<reordered_phi/phi13_minimal.png, id=317, 524.71031pt x 462.97969pt>
File: reordered_phi/phi13_minimal.png Graphic file (type png)
<use reordered_phi/phi13_minimal.png>
Package pdftex.def Info: reordered_phi/phi13_minimal.png  used on input line 12
74.
(pdftex.def)             Requested size: 307.28987pt x 271.14226pt.

Overfull \vbox (29.63164pt too high) detected at line 1274
 []

[27

 <./reordered_phi/phi13_minimal.png>]
<reordered_phi/phi14_minimal.png, id=324, 524.71031pt x 462.97969pt>
File: reordered_phi/phi14_minimal.png Graphic file (type png)
<use reordered_phi/phi14_minimal.png>
Package pdftex.def Info: reordered_phi/phi14_minimal.png  used on input line 12
74.
(pdftex.def)             Requested size: 307.28987pt x 271.14226pt.

Overfull \vbox (29.63164pt too high) detected at line 1274
 []

[28

 <./reordered_phi/phi14_minimal.png>]
<reordered_phi/phi15_minimal.png, id=331, 524.71031pt x 462.97969pt>
File: reordered_phi/phi15_minimal.png Graphic file (type png)
<use reordered_phi/phi15_minimal.png>
Package pdftex.def Info: reordered_phi/phi15_minimal.png  used on input line 12
74.
(pdftex.def)             Requested size: 307.28987pt x 271.14226pt.

Overfull \vbox (29.63164pt too high) detected at line 1274
 []

[29

 <./reordered_phi/phi15_minimal.png>]
<reordered_phi/phi16_minimal.png, id=338, 524.71031pt x 462.97969pt>
File: reordered_phi/phi16_minimal.png Graphic file (type png)
<use reordered_phi/phi16_minimal.png>
Package pdftex.def Info: reordered_phi/phi16_minimal.png  used on input line 12
74.
(pdftex.def)             Requested size: 307.28987pt x 271.14226pt.

Overfull \vbox (29.63164pt too high) detected at line 1274
 []

[30

 <./reordered_phi/phi16_minimal.png>]
<reordered_phi/phi17_minimal.png, id=346, 524.71031pt x 462.97969pt>
File: reordered_phi/phi17_minimal.png Graphic file (type png)
<use reordered_phi/phi17_minimal.png>
Package pdftex.def Info: reordered_phi/phi17_minimal.png  used on input line 12
74.
(pdftex.def)             Requested size: 307.28987pt x 271.14226pt.

Overfull \vbox (29.63164pt too high) detected at line 1274
 []

[31

 <./reordered_phi/phi17_minimal.png>]
<reordered_phi/phi18_minimal.png, id=354, 524.71031pt x 462.97969pt>
File: reordered_phi/phi18_minimal.png Graphic file (type png)
<use reordered_phi/phi18_minimal.png>
Package pdftex.def Info: reordered_phi/phi18_minimal.png  used on input line 12
74.
(pdftex.def)             Requested size: 307.28987pt x 271.14226pt.

Overfull \vbox (29.63164pt too high) detected at line 1274
 []

[32

 <./reordered_phi/phi18_minimal.png>]
<reordered_phi/phi19_minimal.png, id=361, 524.71031pt x 462.97969pt>
File: reordered_phi/phi19_minimal.png Graphic file (type png)
<use reordered_phi/phi19_minimal.png>
Package pdftex.def Info: reordered_phi/phi19_minimal.png  used on input line 12
74.
(pdftex.def)             Requested size: 307.28987pt x 271.14226pt.

Overfull \vbox (29.63164pt too high) detected at line 1274
 []

[33

 <./reordered_phi/phi19_minimal.png>]
<reordered_phi/phi20_minimal.png, id=368, 524.71031pt x 462.97969pt>
File: reordered_phi/phi20_minimal.png Graphic file (type png)
<use reordered_phi/phi20_minimal.png>
Package pdftex.def Info: reordered_phi/phi20_minimal.png  used on input line 12
74.
(pdftex.def)             Requested size: 307.28987pt x 271.14226pt.

Overfull \vbox (29.63164pt too high) detected at line 1274
 []

[34

 <./reordered_phi/phi20_minimal.png>]
<reordered_phi/phi21_minimal.png, id=375, 524.71031pt x 462.97969pt>
File: reordered_phi/phi21_minimal.png Graphic file (type png)
<use reordered_phi/phi21_minimal.png>
Package pdftex.def Info: reordered_phi/phi21_minimal.png  used on input line 12
74.
(pdftex.def)             Requested size: 307.28987pt x 271.14226pt.

Overfull \vbox (29.63164pt too high) detected at line 1274
 []

[35

 <./reordered_phi/phi21_minimal.png>]
<reordered_phi/phi22_minimal.png, id=382, 524.71031pt x 462.97969pt>
File: reordered_phi/phi22_minimal.png Graphic file (type png)
<use reordered_phi/phi22_minimal.png>
Package pdftex.def Info: reordered_phi/phi22_minimal.png  used on input line 12
74.
(pdftex.def)             Requested size: 307.28987pt x 271.14226pt.

Overfull \vbox (29.63164pt too high) detected at line 1274
 []

[36

 <./reordered_phi/phi22_minimal.png>]
<reordered_phi/phi23_minimal.png, id=389, 524.71031pt x 462.97969pt>
File: reordered_phi/phi23_minimal.png Graphic file (type png)
<use reordered_phi/phi23_minimal.png>
Package pdftex.def Info: reordered_phi/phi23_minimal.png  used on input line 12
74.
(pdftex.def)             Requested size: 307.28987pt x 271.14226pt.

Overfull \vbox (29.63164pt too high) detected at line 1274
 []

[37

 <./reordered_phi/phi23_minimal.png>]
<reordered_phi/phi24_minimal.png, id=397, 524.71031pt x 462.97969pt>
File: reordered_phi/phi24_minimal.png Graphic file (type png)
<use reordered_phi/phi24_minimal.png>
Package pdftex.def Info: reordered_phi/phi24_minimal.png  used on input line 12
74.
(pdftex.def)             Requested size: 307.28987pt x 271.14226pt.

Overfull \vbox (29.63164pt too high) detected at line 1274
 []

[38

 <./reordered_phi/phi24_minimal.png>]
<reordered_phi/phi25_minimal.png, id=404, 524.71031pt x 462.97969pt>
File: reordered_phi/phi25_minimal.png Graphic file (type png)
<use reordered_phi/phi25_minimal.png>
Package pdftex.def Info: reordered_phi/phi25_minimal.png  used on input line 12
74.
(pdftex.def)             Requested size: 307.28987pt x 271.14226pt.

Overfull \vbox (29.63164pt too high) detected at line 1274
 []

[39

 <./reordered_phi/phi25_minimal.png>]
<reordered_phi/phi26_minimal.png, id=411, 524.71031pt x 462.97969pt>
File: reordered_phi/phi26_minimal.png Graphic file (type png)
<use reordered_phi/phi26_minimal.png>
Package pdftex.def Info: reordered_phi/phi26_minimal.png  used on input line 12
74.
(pdftex.def)             Requested size: 307.28987pt x 271.14226pt.

Overfull \vbox (29.63164pt too high) detected at line 1274
 []

[40

 <./reordered_phi/phi26_minimal.png>]
<reordered_phi/phi27_minimal.png, id=418, 524.71031pt x 462.97969pt>
File: reordered_phi/phi27_minimal.png Graphic file (type png)
<use reordered_phi/phi27_minimal.png>
Package pdftex.def Info: reordered_phi/phi27_minimal.png  used on input line 12
74.
(pdftex.def)             Requested size: 307.28987pt x 271.14226pt.

Overfull \vbox (29.63164pt too high) detected at line 1274
 []

[41

 <./reordered_phi/phi27_minimal.png>]
<reordered_phi/phi28_minimal.png, id=425, 524.71031pt x 462.97969pt>
File: reordered_phi/phi28_minimal.png Graphic file (type png)
<use reordered_phi/phi28_minimal.png>
Package pdftex.def Info: reordered_phi/phi28_minimal.png  used on input line 12
74.
(pdftex.def)             Requested size: 307.28987pt x 271.14226pt.

Overfull \vbox (29.63164pt too high) detected at line 1274
 []

[42

 <./reordered_phi/phi28_minimal.png>]
<reordered_phi/phi29_minimal.png, id=432, 524.71031pt x 462.97969pt>
File: reordered_phi/phi29_minimal.png Graphic file (type png)
<use reordered_phi/phi29_minimal.png>
Package pdftex.def Info: reordered_phi/phi29_minimal.png  used on input line 12
74.
(pdftex.def)             Requested size: 307.28987pt x 271.14226pt.

Overfull \vbox (29.63164pt too high) detected at line 1274
 []

[43

 <./reordered_phi/phi29_minimal.png>]
<reordered_phi/phi30_minimal.png, id=440, 524.71031pt x 462.97969pt>
File: reordered_phi/phi30_minimal.png Graphic file (type png)
<use reordered_phi/phi30_minimal.png>
Package pdftex.def Info: reordered_phi/phi30_minimal.png  used on input line 12
74.
(pdftex.def)             Requested size: 307.28987pt x 271.14226pt.

Overfull \vbox (29.63164pt too high) detected at line 1274
 []

[44

 <./reordered_phi/phi30_minimal.png>]
<reordered_phi/phi31_minimal.png, id=447, 524.71031pt x 462.97969pt>
File: reordered_phi/phi31_minimal.png Graphic file (type png)
<use reordered_phi/phi31_minimal.png>
Package pdftex.def Info: reordered_phi/phi31_minimal.png  used on input line 12
74.
(pdftex.def)             Requested size: 307.28987pt x 271.14226pt.

Overfull \vbox (29.63164pt too high) detected at line 1274
 []

[45

 <./reordered_phi/phi31_minimal.png>]
<reordered_phi/phi32_minimal.png, id=454, 524.71031pt x 462.97969pt>
File: reordered_phi/phi32_minimal.png Graphic file (type png)
<use reordered_phi/phi32_minimal.png>
Package pdftex.def Info: reordered_phi/phi32_minimal.png  used on input line 12
74.
(pdftex.def)             Requested size: 307.28987pt x 271.14226pt.

Overfull \vbox (29.63164pt too high) detected at line 1274
 []

[46

 <./reordered_phi/phi32_minimal.png>]
<reordered_phi/phi33_minimal.png, id=461, 524.71031pt x 462.97969pt>
File: reordered_phi/phi33_minimal.png Graphic file (type png)
<use reordered_phi/phi33_minimal.png>
Package pdftex.def Info: reordered_phi/phi33_minimal.png  used on input line 12
74.
(pdftex.def)             Requested size: 307.28987pt x 271.14226pt.

Overfull \vbox (29.63164pt too high) detected at line 1274
 []

[47

 <./reordered_phi/phi33_minimal.png>]
<reordered_phi/phi34_minimal.png, id=468, 524.71031pt x 462.97969pt>
File: reordered_phi/phi34_minimal.png Graphic file (type png)
<use reordered_phi/phi34_minimal.png>
Package pdftex.def Info: reordered_phi/phi34_minimal.png  used on input line 12
74.
(pdftex.def)             Requested size: 307.28987pt x 271.14226pt.

Overfull \vbox (29.63164pt too high) detected at line 1274
 []

[48

 <./reordered_phi/phi34_minimal.png>]
<reordered_phi/phi35_minimal.png, id=475, 524.71031pt x 462.97969pt>
File: reordered_phi/phi35_minimal.png Graphic file (type png)
<use reordered_phi/phi35_minimal.png>
Package pdftex.def Info: reordered_phi/phi35_minimal.png  used on input line 12
74.
(pdftex.def)             Requested size: 307.28987pt x 271.14226pt.

Overfull \vbox (29.63164pt too high) detected at line 1274
 []

[49

 <./reordered_phi/phi35_minimal.png>]
<reordered_phi/phi36_minimal.png, id=483, 524.71031pt x 462.97969pt>
File: reordered_phi/phi36_minimal.png Graphic file (type png)
<use reordered_phi/phi36_minimal.png>
Package pdftex.def Info: reordered_phi/phi36_minimal.png  used on input line 12
74.
(pdftex.def)             Requested size: 307.28987pt x 271.14226pt.

Overfull \vbox (29.63164pt too high) detected at line 1274
 []

[50

 <./reordered_phi/phi36_minimal.png>]
<reordered_phi/phi37_minimal.png, id=490, 524.71031pt x 462.97969pt>
File: reordered_phi/phi37_minimal.png Graphic file (type png)
<use reordered_phi/phi37_minimal.png>
Package pdftex.def Info: reordered_phi/phi37_minimal.png  used on input line 12
74.
(pdftex.def)             Requested size: 307.28987pt x 271.14226pt.

Overfull \vbox (29.63164pt too high) detected at line 1274
 []

[51

 <./reordered_phi/phi37_minimal.png>]
<reordered_phi/phi38_minimal.png, id=497, 524.71031pt x 462.97969pt>
File: reordered_phi/phi38_minimal.png Graphic file (type png)
<use reordered_phi/phi38_minimal.png>
Package pdftex.def Info: reordered_phi/phi38_minimal.png  used on input line 12
74.
(pdftex.def)             Requested size: 307.28987pt x 271.14226pt.

Overfull \vbox (29.63164pt too high) detected at line 1274
 []

[52

 <./reordered_phi/phi38_minimal.png>]
<reordered_phi/phi39_minimal.png, id=504, 524.71031pt x 462.97969pt>
File: reordered_phi/phi39_minimal.png Graphic file (type png)
<use reordered_phi/phi39_minimal.png>
Package pdftex.def Info: reordered_phi/phi39_minimal.png  used on input line 12
74.
(pdftex.def)             Requested size: 307.28987pt x 271.14226pt.

Overfull \vbox (29.63164pt too high) detected at line 1274
 []

[53

 <./reordered_phi/phi39_minimal.png>]
<reordered_phi/phi40_minimal.png, id=511, 524.71031pt x 462.97969pt>
File: reordered_phi/phi40_minimal.png Graphic file (type png)
<use reordered_phi/phi40_minimal.png>
Package pdftex.def Info: reordered_phi/phi40_minimal.png  used on input line 12
74.
(pdftex.def)             Requested size: 307.28987pt x 271.14226pt.

Overfull \vbox (29.63164pt too high) detected at line 1274
 []

[54

 <./reordered_phi/phi40_minimal.png>]
<reordered_phi/phi41_minimal.png, id=518, 524.71031pt x 462.97969pt>
File: reordered_phi/phi41_minimal.png Graphic file (type png)
<use reordered_phi/phi41_minimal.png>
Package pdftex.def Info: reordered_phi/phi41_minimal.png  used on input line 12
74.
(pdftex.def)             Requested size: 307.28987pt x 271.14226pt.

Overfull \vbox (29.63164pt too high) detected at line 1274
 []

[55

 <./reordered_phi/phi41_minimal.png>]
<reordered_phi/phi42_minimal.png, id=527, 524.71031pt x 462.97969pt>
File: reordered_phi/phi42_minimal.png Graphic file (type png)
<use reordered_phi/phi42_minimal.png>
Package pdftex.def Info: reordered_phi/phi42_minimal.png  used on input line 12
74.
(pdftex.def)             Requested size: 307.28987pt x 271.14226pt.

Overfull \vbox (29.63164pt too high) detected at line 1274
 []

[56

 <./reordered_phi/phi42_minimal.png>]
<reordered_phi/phi43_minimal.png, id=534, 524.71031pt x 462.97969pt>
File: reordered_phi/phi43_minimal.png Graphic file (type png)
<use reordered_phi/phi43_minimal.png>
Package pdftex.def Info: reordered_phi/phi43_minimal.png  used on input line 12
74.
(pdftex.def)             Requested size: 307.28987pt x 271.14226pt.

Overfull \vbox (29.63164pt too high) detected at line 1274
 []

[57

 <./reordered_phi/phi43_minimal.png>]
<reordered_phi/phi44_minimal.png, id=541, 524.71031pt x 462.97969pt>
File: reordered_phi/phi44_minimal.png Graphic file (type png)
<use reordered_phi/phi44_minimal.png>
Package pdftex.def Info: reordered_phi/phi44_minimal.png  used on input line 12
74.
(pdftex.def)             Requested size: 307.28987pt x 271.14226pt.

Overfull \vbox (29.63164pt too high) detected at line 1274
 []

[58

 <./reordered_phi/phi44_minimal.png>]
<reordered_phi/phi45_minimal.png, id=548, 524.71031pt x 462.97969pt>
File: reordered_phi/phi45_minimal.png Graphic file (type png)
<use reordered_phi/phi45_minimal.png>
Package pdftex.def Info: reordered_phi/phi45_minimal.png  used on input line 12
74.
(pdftex.def)             Requested size: 307.28987pt x 271.14226pt.

Overfull \vbox (29.63164pt too high) detected at line 1274
 []

[59

 <./reordered_phi/phi45_minimal.png>]
<reordered_phi/phi46_minimal.png, id=555, 524.71031pt x 462.97969pt>
File: reordered_phi/phi46_minimal.png Graphic file (type png)
<use reordered_phi/phi46_minimal.png>
Package pdftex.def Info: reordered_phi/phi46_minimal.png  used on input line 12
74.
(pdftex.def)             Requested size: 307.28987pt x 271.14226pt.

Overfull \vbox (29.63164pt too high) detected at line 1274
 []

[60

 <./reordered_phi/phi46_minimal.png>]
<reordered_phi/phi47_minimal.png, id=562, 524.71031pt x 462.97969pt>
File: reordered_phi/phi47_minimal.png Graphic file (type png)
<use reordered_phi/phi47_minimal.png>
Package pdftex.def Info: reordered_phi/phi47_minimal.png  used on input line 12
74.
(pdftex.def)             Requested size: 307.28987pt x 271.14226pt.

Overfull \vbox (29.63164pt too high) detected at line 1274
 []

[61

 <./reordered_phi/phi47_minimal.png>]
<reordered_phi/phi48_minimal.png, id=570, 524.71031pt x 462.97969pt>
File: reordered_phi/phi48_minimal.png Graphic file (type png)
<use reordered_phi/phi48_minimal.png>
Package pdftex.def Info: reordered_phi/phi48_minimal.png  used on input line 12
74.
(pdftex.def)             Requested size: 307.28987pt x 271.14226pt.

Overfull \vbox (29.63164pt too high) detected at line 1274
 []

[62

 <./reordered_phi/phi48_minimal.png>]
<reordered_phi/phi49_minimal.png, id=577, 524.71031pt x 462.97969pt>
File: reordered_phi/phi49_minimal.png Graphic file (type png)
<use reordered_phi/phi49_minimal.png>
Package pdftex.def Info: reordered_phi/phi49_minimal.png  used on input line 12
74.
(pdftex.def)             Requested size: 307.28987pt x 271.14226pt.

Overfull \vbox (29.63164pt too high) detected at line 1274
 []

[63

 <./reordered_phi/phi49_minimal.png>]
<reordered_phi/phi50_minimal.png, id=584, 524.71031pt x 462.97969pt>
File: reordered_phi/phi50_minimal.png Graphic file (type png)
<use reordered_phi/phi50_minimal.png>
Package pdftex.def Info: reordered_phi/phi50_minimal.png  used on input line 12
74.
(pdftex.def)             Requested size: 307.28987pt x 271.14226pt.

Overfull \vbox (29.63164pt too high) detected at line 1274
 []

[64

 <./reordered_phi/phi50_minimal.png>]
<reordered_phi/phi51_minimal.png, id=591, 524.71031pt x 462.97969pt>
File: reordered_phi/phi51_minimal.png Graphic file (type png)
<use reordered_phi/phi51_minimal.png>
Package pdftex.def Info: reordered_phi/phi51_minimal.png  used on input line 12
74.
(pdftex.def)             Requested size: 307.28987pt x 271.14226pt.

Overfull \vbox (29.63164pt too high) detected at line 1274
 []

[65

 <./reordered_phi/phi51_minimal.png>]
<reordered_phi/phi52_minimal.png, id=598, 524.71031pt x 462.97969pt>
File: reordered_phi/phi52_minimal.png Graphic file (type png)
<use reordered_phi/phi52_minimal.png>
Package pdftex.def Info: reordered_phi/phi52_minimal.png  used on input line 12
74.
(pdftex.def)             Requested size: 307.28987pt x 271.14226pt.

Overfull \vbox (29.63164pt too high) detected at line 1274
 []

[66

 <./reordered_phi/phi52_minimal.png>]
<reordered_phi/phi53_minimal.png, id=605, 524.71031pt x 462.97969pt>
File: reordered_phi/phi53_minimal.png Graphic file (type png)
<use reordered_phi/phi53_minimal.png>
Package pdftex.def Info: reordered_phi/phi53_minimal.png  used on input line 12
74.
(pdftex.def)             Requested size: 307.28987pt x 271.14226pt.

Overfull \vbox (29.63164pt too high) detected at line 1274
 []

[67

 <./reordered_phi/phi53_minimal.png>]
<reordered_phi/phi54_minimal.png, id=613, 524.71031pt x 462.97969pt>
File: reordered_phi/phi54_minimal.png Graphic file (type png)
<use reordered_phi/phi54_minimal.png>
Package pdftex.def Info: reordered_phi/phi54_minimal.png  used on input line 12
74.
(pdftex.def)             Requested size: 307.28987pt x 271.14226pt.

Overfull \vbox (29.63164pt too high) detected at line 1274
 []

[68

 <./reordered_phi/phi54_minimal.png>]
<reordered_phi/phi55_minimal.png, id=620, 524.71031pt x 462.97969pt>
File: reordered_phi/phi55_minimal.png Graphic file (type png)
<use reordered_phi/phi55_minimal.png>
Package pdftex.def Info: reordered_phi/phi55_minimal.png  used on input line 12
74.
(pdftex.def)             Requested size: 307.28987pt x 271.14226pt.

Overfull \vbox (29.63164pt too high) detected at line 1274
 []

[69

 <./reordered_phi/phi55_minimal.png>]
<reordered_phi/phi56_minimal.png, id=627, 524.71031pt x 462.97969pt>
File: reordered_phi/phi56_minimal.png Graphic file (type png)
<use reordered_phi/phi56_minimal.png>
Package pdftex.def Info: reordered_phi/phi56_minimal.png  used on input line 12
74.
(pdftex.def)             Requested size: 307.28987pt x 271.14226pt.

Overfull \vbox (29.63164pt too high) detected at line 1274
 []

[70

 <./reordered_phi/phi56_minimal.png>]
<reordered_phi/phi57_minimal.png, id=634, 524.71031pt x 462.97969pt>
File: reordered_phi/phi57_minimal.png Graphic file (type png)
<use reordered_phi/phi57_minimal.png>
Package pdftex.def Info: reordered_phi/phi57_minimal.png  used on input line 12
74.
(pdftex.def)             Requested size: 307.28987pt x 271.14226pt.

Overfull \vbox (29.63164pt too high) detected at line 1274
 []

[71

 <./reordered_phi/phi57_minimal.png>]
<reordered_phi/phi58_minimal.png, id=641, 524.71031pt x 462.97969pt>
File: reordered_phi/phi58_minimal.png Graphic file (type png)
<use reordered_phi/phi58_minimal.png>
Package pdftex.def Info: reordered_phi/phi58_minimal.png  used on input line 12
74.
(pdftex.def)             Requested size: 307.28987pt x 271.14226pt.

Overfull \vbox (29.63164pt too high) detected at line 1274
 []

[72

 <./reordered_phi/phi58_minimal.png>]
<reordered_phi/phi59_minimal.png, id=648, 524.71031pt x 462.97969pt>
File: reordered_phi/phi59_minimal.png Graphic file (type png)
<use reordered_phi/phi59_minimal.png>
Package pdftex.def Info: reordered_phi/phi59_minimal.png  used on input line 12
74.
(pdftex.def)             Requested size: 307.28987pt x 271.14226pt.

Overfull \vbox (29.63164pt too high) detected at line 1274
 []

[73

 <./reordered_phi/phi59_minimal.png>]
<reordered_phi/phi60_minimal.png, id=656, 524.71031pt x 462.97969pt>
File: reordered_phi/phi60_minimal.png Graphic file (type png)
<use reordered_phi/phi60_minimal.png>
Package pdftex.def Info: reordered_phi/phi60_minimal.png  used on input line 12
74.
(pdftex.def)             Requested size: 307.28987pt x 271.14226pt.

Overfull \vbox (29.63164pt too high) detected at line 1274
 []

[74

 <./reordered_phi/phi60_minimal.png>]
<reordered_phi/phi61_minimal.png, id=663, 524.71031pt x 462.97969pt>
File: reordered_phi/phi61_minimal.png Graphic file (type png)
<use reordered_phi/phi61_minimal.png>
Package pdftex.def Info: reordered_phi/phi61_minimal.png  used on input line 12
74.
(pdftex.def)             Requested size: 307.28987pt x 271.14226pt.

Overfull \vbox (29.63164pt too high) detected at line 1274
 []

[75

 <./reordered_phi/phi61_minimal.png>]
<reordered_phi/phi62_minimal.png, id=670, 524.71031pt x 462.97969pt>
File: reordered_phi/phi62_minimal.png Graphic file (type png)
<use reordered_phi/phi62_minimal.png>
Package pdftex.def Info: reordered_phi/phi62_minimal.png  used on input line 12
74.
(pdftex.def)             Requested size: 307.28987pt x 271.14226pt.

Overfull \vbox (29.63164pt too high) detected at line 1274
 []

[76

 <./reordered_phi/phi62_minimal.png>]
<reordered_phi/phi63_minimal.png, id=677, 524.71031pt x 462.97969pt>
File: reordered_phi/phi63_minimal.png Graphic file (type png)
<use reordered_phi/phi63_minimal.png>
Package pdftex.def Info: reordered_phi/phi63_minimal.png  used on input line 12
74.
(pdftex.def)             Requested size: 307.28987pt x 271.14226pt.

Overfull \vbox (29.63164pt too high) detected at line 1274
 []

[77

 <./reordered_phi/phi63_minimal.png>]
<reordered_phi/phi64_minimal.png, id=684, 524.71031pt x 462.97969pt>
File: reordered_phi/phi64_minimal.png Graphic file (type png)
<use reordered_phi/phi64_minimal.png>
Package pdftex.def Info: reordered_phi/phi64_minimal.png  used on input line 12
74.
(pdftex.def)             Requested size: 307.28987pt x 271.14226pt.

Overfull \vbox (29.63164pt too high) detected at line 1274
 []

[78

 <./reordered_phi/phi64_minimal.png>]
<reordered_phi/phi65_minimal.png, id=691, 524.71031pt x 462.97969pt>
File: reordered_phi/phi65_minimal.png Graphic file (type png)
<use reordered_phi/phi65_minimal.png>
Package pdftex.def Info: reordered_phi/phi65_minimal.png  used on input line 12
74.
(pdftex.def)             Requested size: 307.28987pt x 271.14226pt.

Overfull \vbox (29.63164pt too high) detected at line 1274
 []

[79

 <./reordered_phi/phi65_minimal.png>]
<reordered_phi/phi66_minimal.png, id=699, 524.71031pt x 462.97969pt>
File: reordered_phi/phi66_minimal.png Graphic file (type png)
<use reordered_phi/phi66_minimal.png>
Package pdftex.def Info: reordered_phi/phi66_minimal.png  used on input line 12
74.
(pdftex.def)             Requested size: 307.28987pt x 271.14226pt.

Overfull \vbox (29.63164pt too high) detected at line 1274
 []

[80

 <./reordered_phi/phi66_minimal.png>]
<reordered_phi/phi67_minimal.png, id=707, 524.71031pt x 462.97969pt>
File: reordered_phi/phi67_minimal.png Graphic file (type png)
<use reordered_phi/phi67_minimal.png>
Package pdftex.def Info: reordered_phi/phi67_minimal.png  used on input line 12
74.
(pdftex.def)             Requested size: 307.28987pt x 271.14226pt.

Overfull \vbox (29.63164pt too high) detected at line 1274
 []

[81

 <./reordered_phi/phi67_minimal.png>]
<reordered_phi/phi68_minimal.png, id=714, 524.71031pt x 462.97969pt>
File: reordered_phi/phi68_minimal.png Graphic file (type png)
<use reordered_phi/phi68_minimal.png>
Package pdftex.def Info: reordered_phi/phi68_minimal.png  used on input line 12
74.
(pdftex.def)             Requested size: 307.28987pt x 271.14226pt.

Overfull \vbox (29.63164pt too high) detected at line 1274
 []

[82

 <./reordered_phi/phi68_minimal.png>]
<impulse_batch1.png, id=721, 341.47575pt x 341.47575pt>
File: impulse_batch1.png Graphic file (type png)
<use impulse_batch1.png>
Package pdftex.def Info: impulse_batch1.png  used on input line 1285.
(pdftex.def)             Requested size: 138.2795pt x 138.28128pt.
<impulse_batch2.png, id=722, 341.47575pt x 341.47575pt>
File: impulse_batch2.png Graphic file (type png)
<use impulse_batch2.png>
Package pdftex.def Info: impulse_batch2.png  used on input line 1285.
(pdftex.def)             Requested size: 138.2795pt x 138.28128pt.
 [83

 <./impulse_batch1.png> <./impulse_batch2.png>] [84

]
File: impulse_batch2.png Graphic file (type png)
<use impulse_batch2.png>
Package pdftex.def Info: impulse_batch2.png  used on input line 1315.
(pdftex.def)             Requested size: 153.64493pt x 153.64703pt.
 [85

] [86

] [87

]
File: impulse_batch2.png Graphic file (type png)
<use impulse_batch2.png>
Package pdftex.def Info: impulse_batch2.png  used on input line 1378.
(pdftex.def)             Requested size: 153.64493pt x 153.64703pt.
 [88

]
<interpolation_rbf.pdf, id=757, 901.1739pt x 547.51425pt>
File: interpolation_rbf.pdf Graphic file (type pdf)
<use interpolation_rbf.pdf>
Package pdftex.def Info: interpolation_rbf.pdf  used on input line 1390.
(pdftex.def)             Requested size: 245.83282pt x 149.35968pt.
 [89

 <./interpolation_rbf.pdf>] [90

]
<meshHeight_view2_edges.png, id=782, 825.0825pt x 278.03876pt>
File: meshHeight_view2_edges.png Graphic file (type png)
<use meshHeight_view2_edges.png>
Package pdftex.def Info: meshHeight_view2_edges.png  used on input line 1474.
(pdftex.def)             Requested size: 165.01357pt x 55.60675pt.
<mtrue_withColorBar.png, id=783, 707.64375pt x 580.1675pt>
File: mtrue_withColorBar.png Graphic file (type png)
<use mtrue_withColorBar.png>
Package pdftex.def Info: mtrue_withColorBar.png  used on input line 1474.
(pdftex.def)             Requested size: 141.52625pt x 116.03143pt.
<trueVelocity2_glyphs.png, id=784, 688.5725pt x 605.26125pt>
File: trueVelocity2_glyphs.png Graphic file (type png)
<use trueVelocity2_glyphs.png>
Package pdftex.def Info: trueVelocity2_glyphs.png  used on input line 1474.
(pdftex.def)             Requested size: 137.71205pt x 121.0501pt.

[91

 <./meshHeight_view2_edges.png> <./mtrue_withColorBar.png> <./trueVelocity2_gly
phs.png>]
<mstar_0.25noise_cropped.png, id=798, 578.16pt x 574.145pt>
File: mstar_0.25noise_cropped.png Graphic file (type png)
<use mstar_0.25noise_cropped.png>
Package pdftex.def Info: mstar_0.25noise_cropped.png  used on input line 1500.
(pdftex.def)             Requested size: 98.28589pt x 97.60335pt.
<mstar_0.05noise_cropped.png, id=799, 574.145pt x 573.14125pt>
File: mstar_0.05noise_cropped.png Graphic file (type png)
<use mstar_0.05noise_cropped.png>
Package pdftex.def Info: mstar_0.05noise_cropped.png  used on input line 1500.
(pdftex.def)             Requested size: 97.60335pt x 97.43272pt.
<mstar_0.01noise_cropped.png, id=800, 573.14125pt x 572.1375pt>
File: mstar_0.01noise_cropped.png Graphic file (type png)
<use mstar_0.01noise_cropped.png>
Package pdftex.def Info: mstar_0.01noise_cropped.png  used on input line 1500.
(pdftex.def)             Requested size: 97.43272pt x 97.26208pt.
 [92

 <./mstar_0.25noise_cropped.png> <./mstar_0.05noise_cropped.png> <./mstar_0.01n
oise_cropped.png>] [93

]
<stokes_pcg_convergence.pdf, id=813, 192.17094pt x 179.78769pt>
File: stokes_pcg_convergence.pdf Graphic file (type pdf)
<use stokes_pcg_convergence.pdf>
Package pdftex.def Info: stokes_pcg_convergence.pdf  used on input line 1589.
(pdftex.def)             Requested size: 172.95224pt x 161.80742pt.

Overfull \hbox (10.08899pt too wide) in paragraph at lines 1589--1589
 [][] 
 []

<stokes_geigs_figure.pdf, id=814, 162.6617pt x 180.00952pt>
File: stokes_geigs_figure.pdf Graphic file (type pdf)
<use stokes_geigs_figure.pdf>
Package pdftex.def Info: stokes_geigs_figure.pdf  used on input line 1589.
(pdftex.def)             Requested size: 146.39415pt x 162.00705pt.

Overfull \hbox (5.03876pt too wide) in paragraph at lines 1589--1589
 [] 
 []

[94

 <./stokes_pcg_convergence.pdf> <./stokes_geigs_figure.pdf>] [95

] [96

]
[97

]
\tf@nav=\write6
\openout6 = `m2dt_psf.nav'.

\tf@toc=\write7
\openout7 = `m2dt_psf.toc'.

\tf@snm=\write8
\openout8 = `m2dt_psf.snm'.



Package movie15 Warning: @@@@@@@@@@@@@@@@@@@@@@@@@@@@@@@@@@@@@@@
(movie15)                @@ Package `movie15' is obsolete and @@
(movie15)                @@ superseded by `media9'.           @@
(movie15)                @@@@@@@@@@@@@@@@@@@@@@@@@@@@@@@@@@@@@@@.

Package atveryend Info: Empty hook `BeforeClearDocument' on input line 1653.
Package atveryend Info: Empty hook `AfterLastShipout' on input line 1653.
(./m2dt_psf.aux)
Package atveryend Info: Executing hook `AtVeryEndDocument' on input line 1653.
Package atveryend Info: Executing hook `AtEndAfterFileList' on input line 1653.

Package rerunfilecheck Info: File `m2dt_psf.out' has not changed.
(rerunfilecheck)             Checksum: D41D8CD98F00B204E9800998ECF8427E;0.
 ) 
Here is how much of TeX's memory you used:
 35688 strings out of 481239
 849320 string characters out of 5920377
 1233989 words of memory out of 5000000
 49946 multiletter control sequences out of 15000+600000
 549722 words of font info for 88 fonts, out of 8000000 for 9000
 1141 hyphenation exceptions out of 8191
 64i,17n,103p,775b,676s stack positions out of 5000i,500n,10000p,200000b,80000s
</usr/share/texlive/texmf-dist/fonts/type1/public/amsfonts/cm/cmbsy10.pfb></u
sr/share/texlive/texmf-dist/fonts/type1/public/amsfonts/cm/cmbx10.pfb></usr/sha
re/texlive/texmf-dist/fonts/type1/public/amsfonts/cm/cmbx12.pfb></usr/share/tex
live/texmf-dist/fonts/type1/public/amsfonts/cm/cmbx8.pfb></usr/share/texlive/te
xmf-dist/fonts/type1/public/amsfonts/cm/cmex10.pfb></usr/share/texlive/texmf-di
st/fonts/type1/public/amsfonts/cm/cmmi10.pfb></usr/share/texlive/texmf-dist/fon
ts/type1/public/amsfonts/cm/cmmi12.pfb></usr/share/texlive/texmf-dist/fonts/typ
e1/public/amsfonts/cm/cmmi5.pfb></usr/share/texlive/texmf-dist/fonts/type1/publ
ic/amsfonts/cm/cmmi7.pfb></usr/share/texlive/texmf-dist/fonts/type1/public/amsf
onts/cm/cmmi8.pfb></usr/share/texlive/texmf-dist/fonts/type1/public/amsfonts/cm
/cmmib10.pfb></usr/share/texlive/texmf-dist/fonts/type1/public/amsfonts/cm/cmr1
0.pfb></usr/share/texlive/texmf-dist/fonts/type1/public/amsfonts/cm/cmr12.pfb><
/usr/share/texlive/texmf-dist/fonts/type1/public/amsfonts/cm/cmr7.pfb></usr/sha
re/texlive/texmf-dist/fonts/type1/public/amsfonts/cm/cmr8.pfb></usr/share/texli
ve/texmf-dist/fonts/type1/public/amsfonts/cm/cmr9.pfb></usr/share/texlive/texmf
-dist/fonts/type1/public/amsfonts/cm/cmss10.pfb></usr/share/texlive/texmf-dist/
fonts/type1/public/amsfonts/cm/cmss12.pfb></usr/share/texlive/texmf-dist/fonts/
type1/public/amsfonts/cm/cmss8.pfb></usr/share/texlive/texmf-dist/fonts/type1/p
ublic/amsfonts/cm/cmss9.pfb></usr/share/texlive/texmf-dist/fonts/type1/public/a
msfonts/cm/cmssbx10.pfb></usr/share/texlive/texmf-dist/fonts/type1/public/amsfo
nts/cm/cmssi8.pfb></usr/share/texlive/texmf-dist/fonts/type1/public/amsfonts/cm
/cmsy10.pfb></usr/share/texlive/texmf-dist/fonts/type1/public/amsfonts/cm/cmsy5
.pfb></usr/share/texlive/texmf-dist/fonts/type1/public/amsfonts/cm/cmsy7.pfb></
usr/share/texlive/texmf-dist/fonts/type1/public/amsfonts/cm/cmsy8.pfb></usr/sha
re/texlive/texmf-dist/fonts/type1/public/amsfonts/symbols/msbm10.pfb>
Output written on m2dt_psf.pdf (97 pages, 6507525 bytes).
PDF statistics:
 1019 PDF objects out of 1200 (max. 8388607)
 683 compressed objects within 7 object streams
 201 named destinations out of 1000 (max. 500000)
 511 words of extra memory for PDF output out of 10000 (max. 10000000)

